{"/Users/dmitriy/Work/MONEI/monei-node-sdk/monei.ts": {"path":"/Users/dmitriy/Work/MONEI/monei-node-sdk/monei.ts","all":false,"statementMap":{"0":{"start":{"line":1,"column":0},"end":{"line":1,"column":78}},"1":{"start":{"line":2,"column":0},"end":{"line":2,"column":33}},"3":{"start":{"line":4,"column":0},"end":{"line":4,"column":33}},"4":{"start":{"line":5,"column":0},"end":{"line":5,"column":90}},"5":{"start":{"line":6,"column":0},"end":{"line":6,"column":37}},"7":{"start":{"line":8,"column":0},"end":{"line":8,"column":22}},"9":{"start":{"line":10,"column":0},"end":{"line":10,"column":55}},"19":{"start":{"line":20,"column":0},"end":{"line":20,"column":33}},"25":{"start":{"line":26,"column":0},"end":{"line":26,"column":41}},"26":{"start":{"line":27,"column":0},"end":{"line":27,"column":23}},"27":{"start":{"line":28,"column":0},"end":{"line":28,"column":29}},"28":{"start":{"line":29,"column":0},"end":{"line":29,"column":37}},"29":{"start":{"line":30,"column":0},"end":{"line":30,"column":35}},"30":{"start":{"line":31,"column":0},"end":{"line":31,"column":49}},"31":{"start":{"line":32,"column":0},"end":{"line":32,"column":3}},"32":{"start":{"line":33,"column":0},"end":{"line":33,"column":1}},"34":{"start":{"line":35,"column":0},"end":{"line":35,"column":57}},"36":{"start":{"line":37,"column":0},"end":{"line":37,"column":38}},"37":{"start":{"line":38,"column":0},"end":{"line":38,"column":30}},"38":{"start":{"line":39,"column":0},"end":{"line":39,"column":47}},"39":{"start":{"line":40,"column":0},"end":{"line":40,"column":3}},"40":{"start":{"line":41,"column":0},"end":{"line":41,"column":75}},"41":{"start":{"line":42,"column":0},"end":{"line":42,"column":2}},"43":{"start":{"line":44,"column":0},"end":{"line":44,"column":20}},"53":{"start":{"line":54,"column":0},"end":{"line":54,"column":14}},"54":{"start":{"line":55,"column":0},"end":{"line":55,"column":19}},"55":{"start":{"line":56,"column":0},"end":{"line":56,"column":75}},"56":{"start":{"line":57,"column":0},"end":{"line":57,"column":5}},"57":{"start":{"line":58,"column":0},"end":{"line":58,"column":65}},"59":{"start":{"line":60,"column":0},"end":{"line":60,"column":25}},"60":{"start":{"line":61,"column":0},"end":{"line":61,"column":31}},"61":{"start":{"line":62,"column":0},"end":{"line":62,"column":53}},"64":{"start":{"line":65,"column":0},"end":{"line":65,"column":44}},"67":{"start":{"line":68,"column":0},"end":{"line":68,"column":73}},"70":{"start":{"line":71,"column":0},"end":{"line":71,"column":54}},"72":{"start":{"line":73,"column":0},"end":{"line":73,"column":68}},"73":{"start":{"line":74,"column":0},"end":{"line":74,"column":77}},"74":{"start":{"line":75,"column":0},"end":{"line":75,"column":7}},"75":{"start":{"line":76,"column":0},"end":{"line":76,"column":20}},"76":{"start":{"line":77,"column":0},"end":{"line":77,"column":7}},"79":{"start":{"line":80,"column":0},"end":{"line":80,"column":71}},"80":{"start":{"line":81,"column":0},"end":{"line":81,"column":25}},"81":{"start":{"line":82,"column":0},"end":{"line":82,"column":79}},"82":{"start":{"line":83,"column":0},"end":{"line":83,"column":5}},"85":{"start":{"line":86,"column":0},"end":{"line":86,"column":58}},"86":{"start":{"line":87,"column":0},"end":{"line":87,"column":68}},"87":{"start":{"line":88,"column":0},"end":{"line":88,"column":80}},"88":{"start":{"line":89,"column":0},"end":{"line":89,"column":78}},"89":{"start":{"line":90,"column":0},"end":{"line":90,"column":80}},"90":{"start":{"line":91,"column":0},"end":{"line":91,"column":3}},"96":{"start":{"line":97,"column":0},"end":{"line":97,"column":47}},"98":{"start":{"line":99,"column":0},"end":{"line":99,"column":61}},"99":{"start":{"line":100,"column":0},"end":{"line":100,"column":72}},"100":{"start":{"line":101,"column":0},"end":{"line":101,"column":5}},"102":{"start":{"line":103,"column":0},"end":{"line":103,"column":31}},"105":{"start":{"line":106,"column":0},"end":{"line":106,"column":20}},"106":{"start":{"line":107,"column":0},"end":{"line":107,"column":74}},"107":{"start":{"line":108,"column":0},"end":{"line":108,"column":12}},"108":{"start":{"line":109,"column":0},"end":{"line":109,"column":69}},"109":{"start":{"line":110,"column":0},"end":{"line":110,"column":5}},"110":{"start":{"line":111,"column":0},"end":{"line":111,"column":3}},"116":{"start":{"line":117,"column":0},"end":{"line":117,"column":35}},"117":{"start":{"line":118,"column":0},"end":{"line":118,"column":31}},"120":{"start":{"line":121,"column":0},"end":{"line":121,"column":66}},"121":{"start":{"line":122,"column":0},"end":{"line":122,"column":3}},"129":{"start":{"line":130,"column":0},"end":{"line":130,"column":52}},"130":{"start":{"line":131,"column":0},"end":{"line":131,"column":89}},"131":{"start":{"line":132,"column":0},"end":{"line":132,"column":43}},"132":{"start":{"line":133,"column":0},"end":{"line":133,"column":26}},"133":{"start":{"line":134,"column":0},"end":{"line":134,"column":20}},"134":{"start":{"line":135,"column":0},"end":{"line":135,"column":11}},"136":{"start":{"line":137,"column":0},"end":{"line":137,"column":23}},"137":{"start":{"line":138,"column":0},"end":{"line":138,"column":40}},"138":{"start":{"line":139,"column":0},"end":{"line":139,"column":35}},"139":{"start":{"line":140,"column":0},"end":{"line":140,"column":21}},"141":{"start":{"line":142,"column":0},"end":{"line":142,"column":28}},"142":{"start":{"line":143,"column":0},"end":{"line":143,"column":56}},"143":{"start":{"line":144,"column":0},"end":{"line":144,"column":5}},"145":{"start":{"line":146,"column":0},"end":{"line":146,"column":28}},"146":{"start":{"line":147,"column":0},"end":{"line":147,"column":3}},"147":{"start":{"line":148,"column":0},"end":{"line":148,"column":1}}},"s":{"0":1,"1":1,"3":1,"4":1,"5":1,"7":1,"9":1,"19":1,"25":1,"26":1,"27":1,"28":1,"29":1,"30":1,"31":1,"32":1,"34":1,"36":1,"37":3,"38":1,"39":1,"40":3,"41":3,"43":1,"53":1,"54":13,"55":13,"56":13,"57":13,"59":13,"60":13,"61":13,"64":13,"67":13,"70":13,"72":2,"73":1,"74":1,"75":1,"76":13,"79":13,"80":13,"81":4,"82":4,"85":13,"86":13,"87":13,"88":13,"89":13,"90":13,"96":1,"98":4,"99":1,"100":1,"102":3,"105":4,"106":2,"107":4,"108":1,"109":1,"110":4,"116":1,"117":2,"120":2,"121":2,"129":1,"130":3,"131":5,"132":5,"133":5,"134":3,"136":3,"137":3,"138":3,"139":3,"141":3,"142":2,"143":2,"145":1,"146":3,"147":1},"branchMap":{"0":{"type":"branch","line":26,"loc":{"start":{"line":26,"column":2},"end":{"line":32,"column":3}},"locations":[{"start":{"line":26,"column":2},"end":{"line":32,"column":3}}]},"1":{"type":"branch","line":37,"loc":{"start":{"line":37,"column":21},"end":{"line":42,"column":2}},"locations":[{"start":{"line":37,"column":21},"end":{"line":42,"column":2}}]},"2":{"type":"branch","line":38,"loc":{"start":{"line":38,"column":13},"end":{"line":38,"column":29}},"locations":[{"start":{"line":38,"column":13},"end":{"line":38,"column":29}}]},"3":{"type":"branch","line":38,"loc":{"start":{"line":38,"column":29},"end":{"line":40,"column":3}},"locations":[{"start":{"line":38,"column":29},"end":{"line":40,"column":3}}]},"4":{"type":"branch","line":40,"loc":{"start":{"line":40,"column":2},"end":{"line":41,"column":33}},"locations":[{"start":{"line":40,"column":2},"end":{"line":41,"column":33}}]},"5":{"type":"branch","line":41,"loc":{"start":{"line":41,"column":25},"end":{"line":41,"column":41}},"locations":[{"start":{"line":41,"column":25},"end":{"line":41,"column":41}}]},"6":{"type":"branch","line":41,"loc":{"start":{"line":41,"column":33},"end":{"line":41,"column":75}},"locations":[{"start":{"line":41,"column":33},"end":{"line":41,"column":75}}]},"7":{"type":"branch","line":54,"loc":{"start":{"line":54,"column":2},"end":{"line":91,"column":3}},"locations":[{"start":{"line":54,"column":2},"end":{"line":91,"column":3}}]},"8":{"type":"branch","line":58,"loc":{"start":{"line":58,"column":51},"end":{"line":58,"column":65}},"locations":[{"start":{"line":58,"column":51},"end":{"line":58,"column":65}}]},"9":{"type":"branch","line":62,"loc":{"start":{"line":62,"column":21},"end":{"line":62,"column":53}},"locations":[{"start":{"line":62,"column":21},"end":{"line":62,"column":53}}]},"10":{"type":"branch","line":81,"loc":{"start":{"line":81,"column":24},"end":{"line":83,"column":5}},"locations":[{"start":{"line":81,"column":24},"end":{"line":83,"column":5}}]},"11":{"type":"branch","line":71,"loc":{"start":{"line":71,"column":41},"end":{"line":77,"column":5}},"locations":[{"start":{"line":71,"column":41},"end":{"line":77,"column":5}}]},"12":{"type":"branch","line":73,"loc":{"start":{"line":73,"column":67},"end":{"line":76,"column":20}},"locations":[{"start":{"line":73,"column":67},"end":{"line":76,"column":20}}]},"13":{"type":"branch","line":97,"loc":{"start":{"line":97,"column":2},"end":{"line":111,"column":3}},"locations":[{"start":{"line":97,"column":2},"end":{"line":111,"column":3}}]},"14":{"type":"branch","line":99,"loc":{"start":{"line":99,"column":8},"end":{"line":99,"column":60}},"locations":[{"start":{"line":99,"column":8},"end":{"line":99,"column":60}}]},"15":{"type":"branch","line":99,"loc":{"start":{"line":99,"column":60},"end":{"line":101,"column":5}},"locations":[{"start":{"line":99,"column":60},"end":{"line":101,"column":5}}]},"16":{"type":"branch","line":101,"loc":{"start":{"line":101,"column":4},"end":{"line":106,"column":19}},"locations":[{"start":{"line":101,"column":4},"end":{"line":106,"column":19}}]},"17":{"type":"branch","line":106,"loc":{"start":{"line":106,"column":19},"end":{"line":108,"column":11}},"locations":[{"start":{"line":106,"column":19},"end":{"line":108,"column":11}}]},"18":{"type":"branch","line":108,"loc":{"start":{"line":108,"column":4},"end":{"line":110,"column":5}},"locations":[{"start":{"line":108,"column":4},"end":{"line":110,"column":5}}]},"19":{"type":"branch","line":117,"loc":{"start":{"line":117,"column":2},"end":{"line":122,"column":3}},"locations":[{"start":{"line":117,"column":2},"end":{"line":122,"column":3}}]},"20":{"type":"branch","line":130,"loc":{"start":{"line":130,"column":2},"end":{"line":147,"column":3}},"locations":[{"start":{"line":130,"column":2},"end":{"line":147,"column":3}}]},"21":{"type":"branch","line":142,"loc":{"start":{"line":142,"column":27},"end":{"line":144,"column":5}},"locations":[{"start":{"line":142,"column":27},"end":{"line":144,"column":5}}]},"22":{"type":"branch","line":144,"loc":{"start":{"line":144,"column":4},"end":{"line":146,"column":28}},"locations":[{"start":{"line":144,"column":4},"end":{"line":146,"column":28}}]},"23":{"type":"branch","line":131,"loc":{"start":{"line":131,"column":70},"end":{"line":135,"column":7}},"locations":[{"start":{"line":131,"column":70},"end":{"line":135,"column":7}}]}},"b":{"0":[1],"1":[3],"2":[1],"3":[1],"4":[2],"5":[1],"6":[1],"7":[13],"8":[6],"9":[9],"10":[4],"11":[2],"12":[1],"13":[4],"14":[3],"15":[1],"16":[3],"17":[2],"18":[1],"19":[2],"20":[3],"21":[2],"22":[1],"23":[5]},"fnMap":{"0":{"name":"ServerError","decl":{"start":{"line":26,"column":2},"end":{"line":32,"column":3}},"loc":{"start":{"line":26,"column":2},"end":{"line":32,"column":3}},"line":26},"1":{"name":"responseHandler","decl":{"start":{"line":35,"column":24},"end":{"line":35,"column":57}},"loc":{"start":{"line":35,"column":24},"end":{"line":35,"column":57}},"line":35},"2":{"name":"errorHandler","decl":{"start":{"line":37,"column":21},"end":{"line":42,"column":2}},"loc":{"start":{"line":37,"column":21},"end":{"line":42,"column":2}},"line":37},"3":{"name":"Monei","decl":{"start":{"line":54,"column":2},"end":{"line":91,"column":3}},"loc":{"start":{"line":54,"column":2},"end":{"line":91,"column":3}},"line":54},"4":{"name":"setAccountId","decl":{"start":{"line":97,"column":2},"end":{"line":111,"column":3}},"loc":{"start":{"line":97,"column":2},"end":{"line":111,"column":3}},"line":97},"5":{"name":"setUserAgent","decl":{"start":{"line":117,"column":2},"end":{"line":122,"column":3}},"loc":{"start":{"line":117,"column":2},"end":{"line":122,"column":3}},"line":117},"6":{"name":"verifySignature","decl":{"start":{"line":130,"column":2},"end":{"line":147,"column":3}},"loc":{"start":{"line":130,"column":2},"end":{"line":147,"column":3}},"line":130}},"f":{"0":1,"1":0,"2":3,"3":13,"4":4,"5":2,"6":3}}
}
