{"/Users/dmitriy/Work/MONEI/monei-node-sdk/index.ts": {"path":"/Users/dmitriy/Work/MONEI/monei-node-sdk/index.ts","all":false,"statementMap":{"0":{"start":{"line":1,"column":0},"end":{"line":1,"column":78}},"1":{"start":{"line":2,"column":0},"end":{"line":2,"column":33}},"3":{"start":{"line":4,"column":0},"end":{"line":4,"column":33}},"4":{"start":{"line":5,"column":0},"end":{"line":5,"column":90}},"5":{"start":{"line":6,"column":0},"end":{"line":6,"column":37}},"6":{"start":{"line":7,"column":0},"end":{"line":7,"column":50}},"8":{"start":{"line":9,"column":0},"end":{"line":9,"column":22}},"10":{"start":{"line":11,"column":0},"end":{"line":11,"column":55}},"20":{"start":{"line":21,"column":0},"end":{"line":21,"column":33}},"26":{"start":{"line":27,"column":0},"end":{"line":27,"column":41}},"27":{"start":{"line":28,"column":0},"end":{"line":28,"column":23}},"28":{"start":{"line":29,"column":0},"end":{"line":29,"column":29}},"29":{"start":{"line":30,"column":0},"end":{"line":30,"column":37}},"30":{"start":{"line":31,"column":0},"end":{"line":31,"column":35}},"31":{"start":{"line":32,"column":0},"end":{"line":32,"column":49}},"32":{"start":{"line":33,"column":0},"end":{"line":33,"column":3}},"33":{"start":{"line":34,"column":0},"end":{"line":34,"column":1}},"35":{"start":{"line":36,"column":0},"end":{"line":36,"column":57}},"37":{"start":{"line":38,"column":0},"end":{"line":38,"column":38}},"38":{"start":{"line":39,"column":0},"end":{"line":39,"column":30}},"39":{"start":{"line":40,"column":0},"end":{"line":40,"column":47}},"40":{"start":{"line":41,"column":0},"end":{"line":41,"column":3}},"41":{"start":{"line":42,"column":0},"end":{"line":42,"column":75}},"42":{"start":{"line":43,"column":0},"end":{"line":43,"column":2}},"44":{"start":{"line":45,"column":0},"end":{"line":45,"column":20}},"54":{"start":{"line":55,"column":0},"end":{"line":55,"column":14}},"55":{"start":{"line":56,"column":0},"end":{"line":56,"column":19}},"56":{"start":{"line":57,"column":0},"end":{"line":57,"column":75}},"57":{"start":{"line":58,"column":0},"end":{"line":58,"column":5}},"58":{"start":{"line":59,"column":0},"end":{"line":59,"column":65}},"60":{"start":{"line":61,"column":0},"end":{"line":61,"column":25}},"61":{"start":{"line":62,"column":0},"end":{"line":62,"column":31}},"62":{"start":{"line":63,"column":0},"end":{"line":63,"column":53}},"65":{"start":{"line":66,"column":0},"end":{"line":66,"column":44}},"68":{"start":{"line":69,"column":0},"end":{"line":69,"column":73}},"71":{"start":{"line":72,"column":0},"end":{"line":72,"column":54}},"73":{"start":{"line":74,"column":0},"end":{"line":74,"column":68}},"74":{"start":{"line":75,"column":0},"end":{"line":75,"column":77}},"75":{"start":{"line":76,"column":0},"end":{"line":76,"column":7}},"76":{"start":{"line":77,"column":0},"end":{"line":77,"column":20}},"77":{"start":{"line":78,"column":0},"end":{"line":78,"column":7}},"80":{"start":{"line":81,"column":0},"end":{"line":81,"column":71}},"81":{"start":{"line":82,"column":0},"end":{"line":82,"column":25}},"82":{"start":{"line":83,"column":0},"end":{"line":83,"column":79}},"83":{"start":{"line":84,"column":0},"end":{"line":84,"column":5}},"86":{"start":{"line":87,"column":0},"end":{"line":87,"column":77}},"87":{"start":{"line":88,"column":0},"end":{"line":88,"column":68}},"88":{"start":{"line":89,"column":0},"end":{"line":89,"column":80}},"89":{"start":{"line":90,"column":0},"end":{"line":90,"column":78}},"90":{"start":{"line":91,"column":0},"end":{"line":91,"column":80}},"91":{"start":{"line":92,"column":0},"end":{"line":92,"column":3}},"97":{"start":{"line":98,"column":0},"end":{"line":98,"column":47}},"99":{"start":{"line":100,"column":0},"end":{"line":100,"column":61}},"100":{"start":{"line":101,"column":0},"end":{"line":101,"column":72}},"101":{"start":{"line":102,"column":0},"end":{"line":102,"column":5}},"103":{"start":{"line":104,"column":0},"end":{"line":104,"column":31}},"106":{"start":{"line":107,"column":0},"end":{"line":107,"column":20}},"107":{"start":{"line":108,"column":0},"end":{"line":108,"column":74}},"108":{"start":{"line":109,"column":0},"end":{"line":109,"column":12}},"109":{"start":{"line":110,"column":0},"end":{"line":110,"column":69}},"110":{"start":{"line":111,"column":0},"end":{"line":111,"column":5}},"111":{"start":{"line":112,"column":0},"end":{"line":112,"column":3}},"117":{"start":{"line":118,"column":0},"end":{"line":118,"column":35}},"118":{"start":{"line":119,"column":0},"end":{"line":119,"column":31}},"121":{"start":{"line":122,"column":0},"end":{"line":122,"column":66}},"122":{"start":{"line":123,"column":0},"end":{"line":123,"column":3}},"130":{"start":{"line":131,"column":0},"end":{"line":131,"column":52}},"131":{"start":{"line":132,"column":0},"end":{"line":132,"column":89}},"132":{"start":{"line":133,"column":0},"end":{"line":133,"column":43}},"133":{"start":{"line":134,"column":0},"end":{"line":134,"column":26}},"134":{"start":{"line":135,"column":0},"end":{"line":135,"column":20}},"135":{"start":{"line":136,"column":0},"end":{"line":136,"column":11}},"137":{"start":{"line":138,"column":0},"end":{"line":138,"column":23}},"138":{"start":{"line":139,"column":0},"end":{"line":139,"column":40}},"139":{"start":{"line":140,"column":0},"end":{"line":140,"column":35}},"140":{"start":{"line":141,"column":0},"end":{"line":141,"column":21}},"142":{"start":{"line":143,"column":0},"end":{"line":143,"column":28}},"143":{"start":{"line":144,"column":0},"end":{"line":144,"column":56}},"144":{"start":{"line":145,"column":0},"end":{"line":145,"column":5}},"146":{"start":{"line":147,"column":0},"end":{"line":147,"column":28}},"147":{"start":{"line":148,"column":0},"end":{"line":148,"column":3}},"148":{"start":{"line":149,"column":0},"end":{"line":149,"column":1}}},"s":{"0":1,"1":1,"3":1,"4":1,"5":1,"6":1,"8":1,"10":1,"20":1,"26":1,"27":1,"28":1,"29":1,"30":1,"31":1,"32":1,"33":1,"35":1,"37":1,"38":1,"39":1,"40":1,"41":1,"42":1,"44":1,"54":1,"55":31,"56":31,"57":31,"58":31,"60":31,"61":31,"62":31,"65":31,"68":31,"71":31,"73":23,"74":0,"75":0,"76":23,"77":31,"80":31,"81":31,"82":1,"83":1,"86":31,"87":31,"88":31,"89":31,"90":31,"91":31,"97":1,"99":2,"100":0,"101":0,"103":2,"106":2,"107":1,"108":1,"109":1,"110":1,"111":2,"117":1,"118":2,"121":2,"122":2,"130":1,"131":3,"132":5,"133":5,"134":5,"135":3,"137":3,"138":3,"139":3,"140":3,"142":3,"143":2,"144":2,"146":1,"147":3,"148":1},"branchMap":{"0":{"type":"branch","line":27,"loc":{"start":{"line":27,"column":2},"end":{"line":33,"column":3}},"locations":[{"start":{"line":27,"column":2},"end":{"line":33,"column":3}}]},"1":{"type":"branch","line":36,"loc":{"start":{"line":36,"column":24},"end":{"line":36,"column":57}},"locations":[{"start":{"line":36,"column":24},"end":{"line":36,"column":57}}]},"2":{"type":"branch","line":38,"loc":{"start":{"line":38,"column":21},"end":{"line":43,"column":2}},"locations":[{"start":{"line":38,"column":21},"end":{"line":43,"column":2}}]},"3":{"type":"branch","line":41,"loc":{"start":{"line":41,"column":2},"end":{"line":42,"column":41}},"locations":[{"start":{"line":41,"column":2},"end":{"line":42,"column":41}}]},"4":{"type":"branch","line":42,"loc":{"start":{"line":42,"column":33},"end":{"line":42,"column":75}},"locations":[{"start":{"line":42,"column":33},"end":{"line":42,"column":75}}]},"5":{"type":"branch","line":55,"loc":{"start":{"line":55,"column":2},"end":{"line":92,"column":3}},"locations":[{"start":{"line":55,"column":2},"end":{"line":92,"column":3}}]},"6":{"type":"branch","line":59,"loc":{"start":{"line":59,"column":51},"end":{"line":59,"column":65}},"locations":[{"start":{"line":59,"column":51},"end":{"line":59,"column":65}}]},"7":{"type":"branch","line":63,"loc":{"start":{"line":63,"column":21},"end":{"line":63,"column":53}},"locations":[{"start":{"line":63,"column":21},"end":{"line":63,"column":53}}]},"8":{"type":"branch","line":82,"loc":{"start":{"line":82,"column":24},"end":{"line":84,"column":5}},"locations":[{"start":{"line":82,"column":24},"end":{"line":84,"column":5}}]},"9":{"type":"branch","line":72,"loc":{"start":{"line":72,"column":41},"end":{"line":78,"column":5}},"locations":[{"start":{"line":72,"column":41},"end":{"line":78,"column":5}}]},"10":{"type":"branch","line":74,"loc":{"start":{"line":74,"column":15},"end":{"line":74,"column":67}},"locations":[{"start":{"line":74,"column":15},"end":{"line":74,"column":67}}]},"11":{"type":"branch","line":74,"loc":{"start":{"line":74,"column":67},"end":{"line":76,"column":7}},"locations":[{"start":{"line":74,"column":67},"end":{"line":76,"column":7}}]},"12":{"type":"branch","line":98,"loc":{"start":{"line":98,"column":2},"end":{"line":112,"column":3}},"locations":[{"start":{"line":98,"column":2},"end":{"line":112,"column":3}}]},"13":{"type":"branch","line":100,"loc":{"start":{"line":100,"column":8},"end":{"line":100,"column":60}},"locations":[{"start":{"line":100,"column":8},"end":{"line":100,"column":60}}]},"14":{"type":"branch","line":100,"loc":{"start":{"line":100,"column":60},"end":{"line":102,"column":5}},"locations":[{"start":{"line":100,"column":60},"end":{"line":102,"column":5}}]},"15":{"type":"branch","line":107,"loc":{"start":{"line":107,"column":19},"end":{"line":111,"column":5}},"locations":[{"start":{"line":107,"column":19},"end":{"line":111,"column":5}}]},"16":{"type":"branch","line":118,"loc":{"start":{"line":118,"column":2},"end":{"line":123,"column":3}},"locations":[{"start":{"line":118,"column":2},"end":{"line":123,"column":3}}]},"17":{"type":"branch","line":131,"loc":{"start":{"line":131,"column":2},"end":{"line":148,"column":3}},"locations":[{"start":{"line":131,"column":2},"end":{"line":148,"column":3}}]},"18":{"type":"branch","line":143,"loc":{"start":{"line":143,"column":27},"end":{"line":145,"column":5}},"locations":[{"start":{"line":143,"column":27},"end":{"line":145,"column":5}}]},"19":{"type":"branch","line":145,"loc":{"start":{"line":145,"column":4},"end":{"line":147,"column":28}},"locations":[{"start":{"line":145,"column":4},"end":{"line":147,"column":28}}]},"20":{"type":"branch","line":132,"loc":{"start":{"line":132,"column":70},"end":{"line":136,"column":7}},"locations":[{"start":{"line":132,"column":70},"end":{"line":136,"column":7}}]}},"b":{"0":[1],"1":[22],"2":[1],"3":[0],"4":[0],"5":[31],"6":[29],"7":[30],"8":[1],"9":[23],"10":[0],"11":[0],"12":[2],"13":[1],"14":[0],"15":[1],"16":[2],"17":[3],"18":[2],"19":[1],"20":[5]},"fnMap":{"0":{"name":"ServerError","decl":{"start":{"line":27,"column":2},"end":{"line":33,"column":3}},"loc":{"start":{"line":27,"column":2},"end":{"line":33,"column":3}},"line":27},"1":{"name":"responseHandler","decl":{"start":{"line":36,"column":24},"end":{"line":36,"column":57}},"loc":{"start":{"line":36,"column":24},"end":{"line":36,"column":57}},"line":36},"2":{"name":"errorHandler","decl":{"start":{"line":38,"column":21},"end":{"line":43,"column":2}},"loc":{"start":{"line":38,"column":21},"end":{"line":43,"column":2}},"line":38},"3":{"name":"Monei","decl":{"start":{"line":55,"column":2},"end":{"line":92,"column":3}},"loc":{"start":{"line":55,"column":2},"end":{"line":92,"column":3}},"line":55},"4":{"name":"setAccountId","decl":{"start":{"line":98,"column":2},"end":{"line":112,"column":3}},"loc":{"start":{"line":98,"column":2},"end":{"line":112,"column":3}},"line":98},"5":{"name":"setUserAgent","decl":{"start":{"line":118,"column":2},"end":{"line":123,"column":3}},"loc":{"start":{"line":118,"column":2},"end":{"line":123,"column":3}},"line":118},"6":{"name":"verifySignature","decl":{"start":{"line":131,"column":2},"end":{"line":148,"column":3}},"loc":{"start":{"line":131,"column":2},"end":{"line":148,"column":3}},"line":131}},"f":{"0":1,"1":22,"2":1,"3":31,"4":2,"5":2,"6":3}}
,"/Users/dmitriy/Work/MONEI/monei-node-sdk/src/api.ts": {"path":"/Users/dmitriy/Work/MONEI/monei-node-sdk/src/api.ts","all":false,"statementMap":{"17":{"start":{"line":18,"column":0},"end":{"line":18,"column":32}},"20":{"start":{"line":21,"column":0},"end":{"line":21,"column":220}},"23":{"start":{"line":24,"column":0},"end":{"line":24,"column":99}},"823":{"start":{"line":824,"column":0},"end":{"line":824,"column":42}},"824":{"start":{"line":825,"column":0},"end":{"line":825,"column":29}},"825":{"start":{"line":826,"column":0},"end":{"line":826,"column":29}},"826":{"start":{"line":827,"column":0},"end":{"line":827,"column":50}},"827":{"start":{"line":828,"column":0},"end":{"line":828,"column":11}},"863":{"start":{"line":864,"column":0},"end":{"line":864,"column":40}},"864":{"start":{"line":865,"column":0},"end":{"line":865,"column":29}},"865":{"start":{"line":866,"column":0},"end":{"line":866,"column":29}},"866":{"start":{"line":867,"column":0},"end":{"line":867,"column":50}},"867":{"start":{"line":868,"column":0},"end":{"line":868,"column":11}},"878":{"start":{"line":879,"column":0},"end":{"line":879,"column":38}},"879":{"start":{"line":880,"column":0},"end":{"line":880,"column":19}},"880":{"start":{"line":881,"column":0},"end":{"line":881,"column":25}},"881":{"start":{"line":882,"column":0},"end":{"line":882,"column":14}},"882":{"start":{"line":883,"column":0},"end":{"line":883,"column":11}},"893":{"start":{"line":894,"column":0},"end":{"line":894,"column":39}},"894":{"start":{"line":895,"column":0},"end":{"line":895,"column":13}},"895":{"start":{"line":896,"column":0},"end":{"line":896,"column":13}},"896":{"start":{"line":897,"column":0},"end":{"line":897,"column":13}},"897":{"start":{"line":898,"column":0},"end":{"line":898,"column":13}},"898":{"start":{"line":899,"column":0},"end":{"line":899,"column":13}},"899":{"start":{"line":900,"column":0},"end":{"line":900,"column":13}},"900":{"start":{"line":901,"column":0},"end":{"line":901,"column":12}},"901":{"start":{"line":902,"column":0},"end":{"line":902,"column":11}},"1404":{"start":{"line":1405,"column":0},"end":{"line":1405,"column":42}},"1405":{"start":{"line":1406,"column":0},"end":{"line":1406,"column":23}},"1406":{"start":{"line":1407,"column":0},"end":{"line":1407,"column":27}},"1407":{"start":{"line":1408,"column":0},"end":{"line":1408,"column":53}},"1408":{"start":{"line":1409,"column":0},"end":{"line":1409,"column":39}},"1409":{"start":{"line":1410,"column":0},"end":{"line":1410,"column":24}},"1410":{"start":{"line":1411,"column":0},"end":{"line":1411,"column":11}},"1482":{"start":{"line":1483,"column":0},"end":{"line":1483,"column":47}},"1483":{"start":{"line":1484,"column":0},"end":{"line":1484,"column":21}},"1484":{"start":{"line":1485,"column":0},"end":{"line":1485,"column":17}},"1485":{"start":{"line":1486,"column":0},"end":{"line":1486,"column":19}},"1486":{"start":{"line":1487,"column":0},"end":{"line":1487,"column":21}},"1487":{"start":{"line":1488,"column":0},"end":{"line":1488,"column":23}},"1488":{"start":{"line":1489,"column":0},"end":{"line":1489,"column":31}},"1489":{"start":{"line":1490,"column":0},"end":{"line":1490,"column":19}},"1490":{"start":{"line":1491,"column":0},"end":{"line":1491,"column":29}},"1491":{"start":{"line":1492,"column":0},"end":{"line":1492,"column":19}},"1492":{"start":{"line":1493,"column":0},"end":{"line":1493,"column":29}},"1493":{"start":{"line":1494,"column":0},"end":{"line":1494,"column":21}},"1494":{"start":{"line":1495,"column":0},"end":{"line":1495,"column":23}},"1495":{"start":{"line":1496,"column":0},"end":{"line":1496,"column":17}},"1496":{"start":{"line":1497,"column":0},"end":{"line":1497,"column":21}},"1497":{"start":{"line":1498,"column":0},"end":{"line":1498,"column":23}},"1498":{"start":{"line":1499,"column":0},"end":{"line":1499,"column":15}},"1499":{"start":{"line":1500,"column":0},"end":{"line":1500,"column":16}},"1500":{"start":{"line":1501,"column":0},"end":{"line":1501,"column":11}},"1604":{"start":{"line":1605,"column":0},"end":{"line":1605,"column":50}},"1605":{"start":{"line":1606,"column":0},"end":{"line":1606,"column":17}},"1606":{"start":{"line":1607,"column":0},"end":{"line":1607,"column":29}},"1607":{"start":{"line":1608,"column":0},"end":{"line":1608,"column":21}},"1608":{"start":{"line":1609,"column":0},"end":{"line":1609,"column":17}},"1609":{"start":{"line":1610,"column":0},"end":{"line":1610,"column":15}},"1610":{"start":{"line":1611,"column":0},"end":{"line":1611,"column":25}},"1611":{"start":{"line":1612,"column":0},"end":{"line":1612,"column":22}},"1612":{"start":{"line":1613,"column":0},"end":{"line":1613,"column":11}},"1615":{"start":{"line":1616,"column":0},"end":{"line":1616,"column":49}},"1616":{"start":{"line":1617,"column":0},"end":{"line":1617,"column":19}},"1617":{"start":{"line":1618,"column":0},"end":{"line":1618,"column":20}},"1618":{"start":{"line":1619,"column":0},"end":{"line":1619,"column":11}},"1621":{"start":{"line":1622,"column":0},"end":{"line":1622,"column":61}},"1622":{"start":{"line":1623,"column":0},"end":{"line":1623,"column":27}},"1623":{"start":{"line":1624,"column":0},"end":{"line":1624,"column":33}},"1624":{"start":{"line":1625,"column":0},"end":{"line":1625,"column":53}},"1625":{"start":{"line":1626,"column":0},"end":{"line":1626,"column":20}},"1626":{"start":{"line":1627,"column":0},"end":{"line":1627,"column":11}},"1629":{"start":{"line":1630,"column":0},"end":{"line":1630,"column":63}},"1630":{"start":{"line":1631,"column":0},"end":{"line":1631,"column":25}},"1631":{"start":{"line":1632,"column":0},"end":{"line":1632,"column":27}},"1632":{"start":{"line":1633,"column":0},"end":{"line":1633,"column":28}},"1633":{"start":{"line":1634,"column":0},"end":{"line":1634,"column":11}},"1732":{"start":{"line":1733,"column":0},"end":{"line":1733,"column":62}},"1733":{"start":{"line":1734,"column":0},"end":{"line":1734,"column":27}},"1734":{"start":{"line":1735,"column":0},"end":{"line":1735,"column":23}},"1735":{"start":{"line":1736,"column":0},"end":{"line":1736,"column":25}},"1736":{"start":{"line":1737,"column":0},"end":{"line":1737,"column":40}},"1737":{"start":{"line":1738,"column":0},"end":{"line":1738,"column":11}},"1740":{"start":{"line":1741,"column":0},"end":{"line":1741,"column":64}},"1741":{"start":{"line":1742,"column":0},"end":{"line":1742,"column":23}},"1742":{"start":{"line":1743,"column":0},"end":{"line":1743,"column":33}},"1743":{"start":{"line":1744,"column":0},"end":{"line":1744,"column":15}},"1744":{"start":{"line":1745,"column":0},"end":{"line":1745,"column":33}},"1745":{"start":{"line":1746,"column":0},"end":{"line":1746,"column":43}},"1746":{"start":{"line":1747,"column":0},"end":{"line":1747,"column":33}},"1747":{"start":{"line":1748,"column":0},"end":{"line":1748,"column":49}},"1748":{"start":{"line":1749,"column":0},"end":{"line":1749,"column":31}},"1749":{"start":{"line":1750,"column":0},"end":{"line":1750,"column":17}},"1750":{"start":{"line":1751,"column":0},"end":{"line":1751,"column":40}},"1751":{"start":{"line":1752,"column":0},"end":{"line":1752,"column":11}},"1868":{"start":{"line":1869,"column":0},"end":{"line":1869,"column":36}},"1869":{"start":{"line":1870,"column":0},"end":{"line":1870,"column":29}},"1870":{"start":{"line":1871,"column":0},"end":{"line":1871,"column":29}},"1871":{"start":{"line":1872,"column":0},"end":{"line":1872,"column":50}},"1872":{"start":{"line":1873,"column":0},"end":{"line":1873,"column":11}},"1897":{"start":{"line":1898,"column":0},"end":{"line":1898,"column":40}},"1898":{"start":{"line":1899,"column":0},"end":{"line":1899,"column":26}},"1899":{"start":{"line":1900,"column":0},"end":{"line":1900,"column":11}},"2099":{"start":{"line":2100,"column":0},"end":{"line":2100,"column":30}},"2100":{"start":{"line":2101,"column":0},"end":{"line":2101,"column":27}},"2101":{"start":{"line":2102,"column":0},"end":{"line":2102,"column":23}},"2102":{"start":{"line":2103,"column":0},"end":{"line":2103,"column":21}},"2103":{"start":{"line":2104,"column":0},"end":{"line":2104,"column":25}},"2104":{"start":{"line":2105,"column":0},"end":{"line":2105,"column":25}},"2105":{"start":{"line":2106,"column":0},"end":{"line":2106,"column":45}},"2106":{"start":{"line":2107,"column":0},"end":{"line":2107,"column":29}},"2107":{"start":{"line":2108,"column":0},"end":{"line":2108,"column":22}},"2108":{"start":{"line":2109,"column":0},"end":{"line":2109,"column":11}},"2240":{"start":{"line":2241,"column":0},"end":{"line":2241,"column":39}},"2241":{"start":{"line":2242,"column":0},"end":{"line":2242,"column":17}},"2242":{"start":{"line":2243,"column":0},"end":{"line":2243,"column":17}},"2243":{"start":{"line":2244,"column":0},"end":{"line":2244,"column":21}},"2244":{"start":{"line":2245,"column":0},"end":{"line":2245,"column":18}},"2245":{"start":{"line":2246,"column":0},"end":{"line":2246,"column":11}},"2466":{"start":{"line":2467,"column":0},"end":{"line":2467,"column":55}},"2467":{"start":{"line":2468,"column":0},"end":{"line":2468,"column":19}},"2468":{"start":{"line":2469,"column":0},"end":{"line":2469,"column":14}},"2469":{"start":{"line":2470,"column":0},"end":{"line":2470,"column":11}},"2505":{"start":{"line":2506,"column":0},"end":{"line":2506,"column":57}},"2506":{"start":{"line":2507,"column":0},"end":{"line":2507,"column":19}},"2507":{"start":{"line":2508,"column":0},"end":{"line":2508,"column":14}},"2508":{"start":{"line":2509,"column":0},"end":{"line":2509,"column":11}},"2713":{"start":{"line":2714,"column":0},"end":{"line":2714,"column":37}},"2714":{"start":{"line":2715,"column":0},"end":{"line":2715,"column":15}},"2715":{"start":{"line":2716,"column":0},"end":{"line":2716,"column":17}},"2716":{"start":{"line":2717,"column":0},"end":{"line":2717,"column":19}},"2717":{"start":{"line":2718,"column":0},"end":{"line":2718,"column":16}},"2718":{"start":{"line":2719,"column":0},"end":{"line":2719,"column":11}},"2776":{"start":{"line":2777,"column":0},"end":{"line":2777,"column":52}},"2777":{"start":{"line":2778,"column":0},"end":{"line":2778,"column":16}},"2778":{"start":{"line":2779,"column":0},"end":{"line":2779,"column":11}},"2832":{"start":{"line":2833,"column":0},"end":{"line":2833,"column":55}},"2833":{"start":{"line":2834,"column":0},"end":{"line":2834,"column":17}},"2834":{"start":{"line":2835,"column":0},"end":{"line":2835,"column":29}},"2835":{"start":{"line":2836,"column":0},"end":{"line":2836,"column":21}},"2836":{"start":{"line":2837,"column":0},"end":{"line":2837,"column":17}},"2837":{"start":{"line":2838,"column":0},"end":{"line":2838,"column":15}},"2838":{"start":{"line":2839,"column":0},"end":{"line":2839,"column":25}},"2839":{"start":{"line":2840,"column":0},"end":{"line":2840,"column":22}},"2840":{"start":{"line":2841,"column":0},"end":{"line":2841,"column":11}},"2843":{"start":{"line":2844,"column":0},"end":{"line":2844,"column":54}},"2844":{"start":{"line":2845,"column":0},"end":{"line":2845,"column":19}},"2845":{"start":{"line":2846,"column":0},"end":{"line":2846,"column":20}},"2846":{"start":{"line":2847,"column":0},"end":{"line":2847,"column":11}},"2877":{"start":{"line":2878,"column":0},"end":{"line":2878,"column":59}},"2878":{"start":{"line":2879,"column":0},"end":{"line":2879,"column":15}},"2879":{"start":{"line":2880,"column":0},"end":{"line":2880,"column":17}},"2880":{"start":{"line":2881,"column":0},"end":{"line":2881,"column":19}},"2881":{"start":{"line":2882,"column":0},"end":{"line":2882,"column":16}},"2882":{"start":{"line":2883,"column":0},"end":{"line":2883,"column":11}},"2892":{"start":{"line":2893,"column":0},"end":{"line":2893,"column":35}},"2893":{"start":{"line":2894,"column":0},"end":{"line":2894,"column":23}},"2894":{"start":{"line":2895,"column":0},"end":{"line":2895,"column":23}},"2895":{"start":{"line":2896,"column":0},"end":{"line":2896,"column":25}},"2896":{"start":{"line":2897,"column":0},"end":{"line":2897,"column":21}},"2897":{"start":{"line":2898,"column":0},"end":{"line":2898,"column":25}},"2898":{"start":{"line":2899,"column":0},"end":{"line":2899,"column":21}},"2899":{"start":{"line":2900,"column":0},"end":{"line":2900,"column":24}},"2900":{"start":{"line":2901,"column":0},"end":{"line":2901,"column":11}},"3034":{"start":{"line":3035,"column":0},"end":{"line":3035,"column":92}},"3035":{"start":{"line":3036,"column":0},"end":{"line":3036,"column":12}},"3043":{"start":{"line":3044,"column":0},"end":{"line":3044,"column":150}},"3045":{"start":{"line":3046,"column":0},"end":{"line":3046,"column":105}},"3046":{"start":{"line":3047,"column":0},"end":{"line":3047,"column":54}},"3048":{"start":{"line":3049,"column":0},"end":{"line":3049,"column":73}},"3049":{"start":{"line":3050,"column":0},"end":{"line":3050,"column":28}},"3050":{"start":{"line":3051,"column":0},"end":{"line":3051,"column":32}},"3051":{"start":{"line":3052,"column":0},"end":{"line":3052,"column":56}},"3052":{"start":{"line":3053,"column":0},"end":{"line":3053,"column":13}},"3054":{"start":{"line":3055,"column":0},"end":{"line":3055,"column":89}},"3055":{"start":{"line":3056,"column":0},"end":{"line":3056,"column":54}},"3056":{"start":{"line":3057,"column":0},"end":{"line":3057,"column":53}},"3059":{"start":{"line":3060,"column":0},"end":{"line":3060,"column":92}},"3063":{"start":{"line":3064,"column":0},"end":{"line":3064,"column":73}},"3065":{"start":{"line":3066,"column":0},"end":{"line":3066,"column":68}},"3066":{"start":{"line":3067,"column":0},"end":{"line":3067,"column":103}},"3067":{"start":{"line":3068,"column":0},"end":{"line":3068,"column":121}},"3068":{"start":{"line":3069,"column":0},"end":{"line":3069,"column":133}},"3070":{"start":{"line":3071,"column":0},"end":{"line":3071,"column":20}},"3071":{"start":{"line":3072,"column":0},"end":{"line":3072,"column":50}},"3072":{"start":{"line":3073,"column":0},"end":{"line":3073,"column":48}},"3073":{"start":{"line":3074,"column":0},"end":{"line":3074,"column":14}},"3074":{"start":{"line":3075,"column":0},"end":{"line":3075,"column":10}},"3075":{"start":{"line":3076,"column":0},"end":{"line":3076,"column":5}},"3076":{"start":{"line":3077,"column":0},"end":{"line":3077,"column":2}},"3082":{"start":{"line":3083,"column":0},"end":{"line":3083,"column":76}},"3083":{"start":{"line":3084,"column":0},"end":{"line":3084,"column":87}},"3084":{"start":{"line":3085,"column":0},"end":{"line":3085,"column":12}},"3092":{"start":{"line":3093,"column":0},"end":{"line":3093,"column":223}},"3093":{"start":{"line":3094,"column":0},"end":{"line":3094,"column":119}},"3094":{"start":{"line":3095,"column":0},"end":{"line":3095,"column":81}},"3095":{"start":{"line":3096,"column":0},"end":{"line":3096,"column":138}},"3096":{"start":{"line":3097,"column":0},"end":{"line":3097,"column":172}},"3097":{"start":{"line":3098,"column":0},"end":{"line":3098,"column":10}},"3098":{"start":{"line":3099,"column":0},"end":{"line":3099,"column":5}},"3099":{"start":{"line":3100,"column":0},"end":{"line":3100,"column":2}},"3105":{"start":{"line":3106,"column":0},"end":{"line":3106,"column":124}},"3106":{"start":{"line":3107,"column":0},"end":{"line":3107,"column":57}},"3107":{"start":{"line":3108,"column":0},"end":{"line":3108,"column":12}},"3115":{"start":{"line":3116,"column":0},"end":{"line":3116,"column":162}},"3116":{"start":{"line":3117,"column":0},"end":{"line":3117,"column":123}},"3117":{"start":{"line":3118,"column":0},"end":{"line":3118,"column":10}},"3118":{"start":{"line":3119,"column":0},"end":{"line":3119,"column":6}},"3119":{"start":{"line":3120,"column":0},"end":{"line":3120,"column":2}},"3127":{"start":{"line":3128,"column":0},"end":{"line":3128,"column":48}},"3136":{"start":{"line":3137,"column":0},"end":{"line":3137,"column":116}},"3137":{"start":{"line":3138,"column":0},"end":{"line":3138,"column":158}},"3138":{"start":{"line":3139,"column":0},"end":{"line":3139,"column":5}},"3139":{"start":{"line":3140,"column":0},"end":{"line":3140,"column":1}},"3147":{"start":{"line":3148,"column":0},"end":{"line":3148,"column":83}},"3148":{"start":{"line":3149,"column":0},"end":{"line":3149,"column":12}},"3156":{"start":{"line":3157,"column":0},"end":{"line":3157,"column":147}},"3158":{"start":{"line":3159,"column":0},"end":{"line":3159,"column":102}},"3159":{"start":{"line":3160,"column":0},"end":{"line":3160,"column":57}},"3161":{"start":{"line":3162,"column":0},"end":{"line":3162,"column":73}},"3162":{"start":{"line":3163,"column":0},"end":{"line":3163,"column":28}},"3163":{"start":{"line":3164,"column":0},"end":{"line":3164,"column":32}},"3164":{"start":{"line":3165,"column":0},"end":{"line":3165,"column":56}},"3165":{"start":{"line":3166,"column":0},"end":{"line":3166,"column":13}},"3167":{"start":{"line":3168,"column":0},"end":{"line":3168,"column":89}},"3168":{"start":{"line":3169,"column":0},"end":{"line":3169,"column":54}},"3169":{"start":{"line":3170,"column":0},"end":{"line":3170,"column":53}},"3172":{"start":{"line":3173,"column":0},"end":{"line":3173,"column":92}},"3176":{"start":{"line":3177,"column":0},"end":{"line":3177,"column":73}},"3178":{"start":{"line":3179,"column":0},"end":{"line":3179,"column":68}},"3179":{"start":{"line":3180,"column":0},"end":{"line":3180,"column":103}},"3180":{"start":{"line":3181,"column":0},"end":{"line":3181,"column":121}},"3181":{"start":{"line":3182,"column":0},"end":{"line":3182,"column":129}},"3183":{"start":{"line":3184,"column":0},"end":{"line":3184,"column":20}},"3184":{"start":{"line":3185,"column":0},"end":{"line":3185,"column":50}},"3185":{"start":{"line":3186,"column":0},"end":{"line":3186,"column":48}},"3186":{"start":{"line":3187,"column":0},"end":{"line":3187,"column":14}},"3187":{"start":{"line":3188,"column":0},"end":{"line":3188,"column":10}},"3188":{"start":{"line":3189,"column":0},"end":{"line":3189,"column":5}},"3189":{"start":{"line":3190,"column":0},"end":{"line":3190,"column":2}},"3195":{"start":{"line":3196,"column":0},"end":{"line":3196,"column":67}},"3196":{"start":{"line":3197,"column":0},"end":{"line":3197,"column":78}},"3197":{"start":{"line":3198,"column":0},"end":{"line":3198,"column":12}},"3205":{"start":{"line":3206,"column":0},"end":{"line":3206,"column":216}},"3206":{"start":{"line":3207,"column":0},"end":{"line":3207,"column":120}},"3207":{"start":{"line":3208,"column":0},"end":{"line":3208,"column":81}},"3208":{"start":{"line":3209,"column":0},"end":{"line":3209,"column":134}},"3209":{"start":{"line":3210,"column":0},"end":{"line":3210,"column":172}},"3210":{"start":{"line":3211,"column":0},"end":{"line":3211,"column":10}},"3211":{"start":{"line":3212,"column":0},"end":{"line":3212,"column":5}},"3212":{"start":{"line":3213,"column":0},"end":{"line":3213,"column":2}},"3218":{"start":{"line":3219,"column":0},"end":{"line":3219,"column":115}},"3219":{"start":{"line":3220,"column":0},"end":{"line":3220,"column":48}},"3220":{"start":{"line":3221,"column":0},"end":{"line":3221,"column":12}},"3228":{"start":{"line":3229,"column":0},"end":{"line":3229,"column":155}},"3229":{"start":{"line":3230,"column":0},"end":{"line":3230,"column":124}},"3230":{"start":{"line":3231,"column":0},"end":{"line":3231,"column":10}},"3231":{"start":{"line":3232,"column":0},"end":{"line":3232,"column":6}},"3232":{"start":{"line":3233,"column":0},"end":{"line":3233,"column":2}},"3240":{"start":{"line":3241,"column":0},"end":{"line":3241,"column":39}},"3249":{"start":{"line":3250,"column":0},"end":{"line":3250,"column":113}},"3250":{"start":{"line":3251,"column":0},"end":{"line":3251,"column":150}},"3251":{"start":{"line":3252,"column":0},"end":{"line":3252,"column":5}},"3252":{"start":{"line":3253,"column":0},"end":{"line":3253,"column":1}},"3260":{"start":{"line":3261,"column":0},"end":{"line":3261,"column":92}},"3261":{"start":{"line":3262,"column":0},"end":{"line":3262,"column":12}},"3270":{"start":{"line":3271,"column":0},"end":{"line":3271,"column":123}},"3271":{"start":{"line":3272,"column":0},"end":{"line":3272,"column":52}},"3273":{"start":{"line":3274,"column":0},"end":{"line":3274,"column":73}},"3274":{"start":{"line":3275,"column":0},"end":{"line":3275,"column":28}},"3275":{"start":{"line":3276,"column":0},"end":{"line":3276,"column":32}},"3276":{"start":{"line":3277,"column":0},"end":{"line":3277,"column":56}},"3277":{"start":{"line":3278,"column":0},"end":{"line":3278,"column":13}},"3279":{"start":{"line":3280,"column":0},"end":{"line":3280,"column":88}},"3280":{"start":{"line":3281,"column":0},"end":{"line":3281,"column":54}},"3281":{"start":{"line":3282,"column":0},"end":{"line":3282,"column":53}},"3283":{"start":{"line":3284,"column":0},"end":{"line":3284,"column":42}},"3284":{"start":{"line":3285,"column":0},"end":{"line":3285,"column":64}},"3285":{"start":{"line":3286,"column":0},"end":{"line":3286,"column":13}},"3287":{"start":{"line":3288,"column":0},"end":{"line":3288,"column":42}},"3288":{"start":{"line":3289,"column":0},"end":{"line":3289,"column":64}},"3289":{"start":{"line":3290,"column":0},"end":{"line":3290,"column":13}},"3293":{"start":{"line":3294,"column":0},"end":{"line":3294,"column":68}},"3294":{"start":{"line":3295,"column":0},"end":{"line":3295,"column":103}},"3295":{"start":{"line":3296,"column":0},"end":{"line":3296,"column":121}},"3297":{"start":{"line":3298,"column":0},"end":{"line":3298,"column":20}},"3298":{"start":{"line":3299,"column":0},"end":{"line":3299,"column":50}},"3299":{"start":{"line":3300,"column":0},"end":{"line":3300,"column":48}},"3300":{"start":{"line":3301,"column":0},"end":{"line":3301,"column":14}},"3301":{"start":{"line":3302,"column":0},"end":{"line":3302,"column":10}},"3302":{"start":{"line":3303,"column":0},"end":{"line":3303,"column":5}},"3303":{"start":{"line":3304,"column":0},"end":{"line":3304,"column":2}},"3309":{"start":{"line":3310,"column":0},"end":{"line":3310,"column":76}},"3310":{"start":{"line":3311,"column":0},"end":{"line":3311,"column":87}},"3311":{"start":{"line":3312,"column":0},"end":{"line":3312,"column":12}},"3320":{"start":{"line":3321,"column":0},"end":{"line":3321,"column":177}},"3321":{"start":{"line":3322,"column":0},"end":{"line":3322,"column":105}},"3322":{"start":{"line":3323,"column":0},"end":{"line":3323,"column":81}},"3323":{"start":{"line":3324,"column":0},"end":{"line":3324,"column":133}},"3324":{"start":{"line":3325,"column":0},"end":{"line":3325,"column":172}},"3325":{"start":{"line":3326,"column":0},"end":{"line":3326,"column":10}},"3326":{"start":{"line":3327,"column":0},"end":{"line":3327,"column":5}},"3327":{"start":{"line":3328,"column":0},"end":{"line":3328,"column":2}},"3333":{"start":{"line":3334,"column":0},"end":{"line":3334,"column":124}},"3334":{"start":{"line":3335,"column":0},"end":{"line":3335,"column":57}},"3335":{"start":{"line":3336,"column":0},"end":{"line":3336,"column":12}},"3344":{"start":{"line":3345,"column":0},"end":{"line":3345,"column":116}},"3345":{"start":{"line":3346,"column":0},"end":{"line":3346,"column":109}},"3346":{"start":{"line":3347,"column":0},"end":{"line":3347,"column":10}},"3347":{"start":{"line":3348,"column":0},"end":{"line":3348,"column":6}},"3348":{"start":{"line":3349,"column":0},"end":{"line":3349,"column":2}},"3356":{"start":{"line":3357,"column":0},"end":{"line":3357,"column":48}},"3366":{"start":{"line":3367,"column":0},"end":{"line":3367,"column":89}},"3367":{"start":{"line":3368,"column":0},"end":{"line":3368,"column":144}},"3368":{"start":{"line":3369,"column":0},"end":{"line":3369,"column":5}},"3369":{"start":{"line":3370,"column":0},"end":{"line":3370,"column":1}},"3377":{"start":{"line":3378,"column":0},"end":{"line":3378,"column":86}},"3378":{"start":{"line":3379,"column":0},"end":{"line":3379,"column":12}},"3387":{"start":{"line":3388,"column":0},"end":{"line":3388,"column":143}},"3389":{"start":{"line":3390,"column":0},"end":{"line":3390,"column":49}},"3390":{"start":{"line":3391,"column":0},"end":{"line":3391,"column":56}},"3391":{"start":{"line":3392,"column":0},"end":{"line":3392,"column":70}},"3393":{"start":{"line":3394,"column":0},"end":{"line":3394,"column":73}},"3394":{"start":{"line":3395,"column":0},"end":{"line":3395,"column":28}},"3395":{"start":{"line":3396,"column":0},"end":{"line":3396,"column":32}},"3396":{"start":{"line":3397,"column":0},"end":{"line":3397,"column":56}},"3397":{"start":{"line":3398,"column":0},"end":{"line":3398,"column":13}},"3399":{"start":{"line":3400,"column":0},"end":{"line":3400,"column":89}},"3400":{"start":{"line":3401,"column":0},"end":{"line":3401,"column":54}},"3401":{"start":{"line":3402,"column":0},"end":{"line":3402,"column":53}},"3404":{"start":{"line":3405,"column":0},"end":{"line":3405,"column":92}},"3408":{"start":{"line":3409,"column":0},"end":{"line":3409,"column":73}},"3410":{"start":{"line":3411,"column":0},"end":{"line":3411,"column":68}},"3411":{"start":{"line":3412,"column":0},"end":{"line":3412,"column":103}},"3412":{"start":{"line":3413,"column":0},"end":{"line":3413,"column":121}},"3413":{"start":{"line":3414,"column":0},"end":{"line":3414,"column":124}},"3415":{"start":{"line":3416,"column":0},"end":{"line":3416,"column":20}},"3416":{"start":{"line":3417,"column":0},"end":{"line":3417,"column":50}},"3417":{"start":{"line":3418,"column":0},"end":{"line":3418,"column":48}},"3418":{"start":{"line":3419,"column":0},"end":{"line":3419,"column":14}},"3419":{"start":{"line":3420,"column":0},"end":{"line":3420,"column":10}},"3428":{"start":{"line":3429,"column":0},"end":{"line":3429,"column":146}},"3430":{"start":{"line":3431,"column":0},"end":{"line":3431,"column":50}},"3431":{"start":{"line":3432,"column":0},"end":{"line":3432,"column":57}},"3432":{"start":{"line":3433,"column":0},"end":{"line":3433,"column":70}},"3434":{"start":{"line":3435,"column":0},"end":{"line":3435,"column":73}},"3435":{"start":{"line":3436,"column":0},"end":{"line":3436,"column":28}},"3436":{"start":{"line":3437,"column":0},"end":{"line":3437,"column":32}},"3437":{"start":{"line":3438,"column":0},"end":{"line":3438,"column":56}},"3438":{"start":{"line":3439,"column":0},"end":{"line":3439,"column":13}},"3440":{"start":{"line":3441,"column":0},"end":{"line":3441,"column":89}},"3441":{"start":{"line":3442,"column":0},"end":{"line":3442,"column":54}},"3442":{"start":{"line":3443,"column":0},"end":{"line":3443,"column":53}},"3445":{"start":{"line":3446,"column":0},"end":{"line":3446,"column":92}},"3449":{"start":{"line":3450,"column":0},"end":{"line":3450,"column":73}},"3451":{"start":{"line":3452,"column":0},"end":{"line":3452,"column":68}},"3452":{"start":{"line":3453,"column":0},"end":{"line":3453,"column":103}},"3453":{"start":{"line":3454,"column":0},"end":{"line":3454,"column":121}},"3454":{"start":{"line":3455,"column":0},"end":{"line":3455,"column":125}},"3456":{"start":{"line":3457,"column":0},"end":{"line":3457,"column":20}},"3457":{"start":{"line":3458,"column":0},"end":{"line":3458,"column":50}},"3458":{"start":{"line":3459,"column":0},"end":{"line":3459,"column":48}},"3459":{"start":{"line":3460,"column":0},"end":{"line":3460,"column":14}},"3460":{"start":{"line":3461,"column":0},"end":{"line":3461,"column":10}},"3469":{"start":{"line":3470,"column":0},"end":{"line":3470,"column":146}},"3471":{"start":{"line":3472,"column":0},"end":{"line":3472,"column":50}},"3472":{"start":{"line":3473,"column":0},"end":{"line":3473,"column":57}},"3473":{"start":{"line":3474,"column":0},"end":{"line":3474,"column":70}},"3475":{"start":{"line":3476,"column":0},"end":{"line":3476,"column":73}},"3476":{"start":{"line":3477,"column":0},"end":{"line":3477,"column":28}},"3477":{"start":{"line":3478,"column":0},"end":{"line":3478,"column":32}},"3478":{"start":{"line":3479,"column":0},"end":{"line":3479,"column":56}},"3479":{"start":{"line":3480,"column":0},"end":{"line":3480,"column":13}},"3481":{"start":{"line":3482,"column":0},"end":{"line":3482,"column":89}},"3482":{"start":{"line":3483,"column":0},"end":{"line":3483,"column":54}},"3483":{"start":{"line":3484,"column":0},"end":{"line":3484,"column":53}},"3486":{"start":{"line":3487,"column":0},"end":{"line":3487,"column":92}},"3490":{"start":{"line":3491,"column":0},"end":{"line":3491,"column":73}},"3492":{"start":{"line":3493,"column":0},"end":{"line":3493,"column":68}},"3493":{"start":{"line":3494,"column":0},"end":{"line":3494,"column":103}},"3494":{"start":{"line":3495,"column":0},"end":{"line":3495,"column":121}},"3495":{"start":{"line":3496,"column":0},"end":{"line":3496,"column":125}},"3497":{"start":{"line":3498,"column":0},"end":{"line":3498,"column":20}},"3498":{"start":{"line":3499,"column":0},"end":{"line":3499,"column":50}},"3499":{"start":{"line":3500,"column":0},"end":{"line":3500,"column":48}},"3500":{"start":{"line":3501,"column":0},"end":{"line":3501,"column":14}},"3501":{"start":{"line":3502,"column":0},"end":{"line":3502,"column":10}},"3509":{"start":{"line":3510,"column":0},"end":{"line":3510,"column":130}},"3511":{"start":{"line":3512,"column":0},"end":{"line":3512,"column":85}},"3512":{"start":{"line":3513,"column":0},"end":{"line":3513,"column":45}},"3514":{"start":{"line":3515,"column":0},"end":{"line":3515,"column":73}},"3515":{"start":{"line":3516,"column":0},"end":{"line":3516,"column":28}},"3516":{"start":{"line":3517,"column":0},"end":{"line":3517,"column":32}},"3517":{"start":{"line":3518,"column":0},"end":{"line":3518,"column":56}},"3518":{"start":{"line":3519,"column":0},"end":{"line":3519,"column":13}},"3520":{"start":{"line":3521,"column":0},"end":{"line":3521,"column":89}},"3521":{"start":{"line":3522,"column":0},"end":{"line":3522,"column":54}},"3522":{"start":{"line":3523,"column":0},"end":{"line":3523,"column":53}},"3525":{"start":{"line":3526,"column":0},"end":{"line":3526,"column":92}},"3529":{"start":{"line":3530,"column":0},"end":{"line":3530,"column":73}},"3531":{"start":{"line":3532,"column":0},"end":{"line":3532,"column":68}},"3532":{"start":{"line":3533,"column":0},"end":{"line":3533,"column":103}},"3533":{"start":{"line":3534,"column":0},"end":{"line":3534,"column":121}},"3534":{"start":{"line":3535,"column":0},"end":{"line":3535,"column":124}},"3536":{"start":{"line":3537,"column":0},"end":{"line":3537,"column":20}},"3537":{"start":{"line":3538,"column":0},"end":{"line":3538,"column":50}},"3538":{"start":{"line":3539,"column":0},"end":{"line":3539,"column":48}},"3539":{"start":{"line":3540,"column":0},"end":{"line":3540,"column":14}},"3540":{"start":{"line":3541,"column":0},"end":{"line":3541,"column":10}},"3548":{"start":{"line":3549,"column":0},"end":{"line":3549,"column":95}},"3550":{"start":{"line":3551,"column":0},"end":{"line":3551,"column":46}},"3551":{"start":{"line":3552,"column":0},"end":{"line":3552,"column":49}},"3552":{"start":{"line":3553,"column":0},"end":{"line":3553,"column":70}},"3554":{"start":{"line":3555,"column":0},"end":{"line":3555,"column":73}},"3555":{"start":{"line":3556,"column":0},"end":{"line":3556,"column":28}},"3556":{"start":{"line":3557,"column":0},"end":{"line":3557,"column":32}},"3557":{"start":{"line":3558,"column":0},"end":{"line":3558,"column":56}},"3558":{"start":{"line":3559,"column":0},"end":{"line":3559,"column":13}},"3560":{"start":{"line":3561,"column":0},"end":{"line":3561,"column":88}},"3561":{"start":{"line":3562,"column":0},"end":{"line":3562,"column":54}},"3562":{"start":{"line":3563,"column":0},"end":{"line":3563,"column":53}},"3565":{"start":{"line":3566,"column":0},"end":{"line":3566,"column":92}},"3569":{"start":{"line":3570,"column":0},"end":{"line":3570,"column":68}},"3570":{"start":{"line":3571,"column":0},"end":{"line":3571,"column":103}},"3571":{"start":{"line":3572,"column":0},"end":{"line":3572,"column":121}},"3573":{"start":{"line":3574,"column":0},"end":{"line":3574,"column":20}},"3574":{"start":{"line":3575,"column":0},"end":{"line":3575,"column":50}},"3575":{"start":{"line":3576,"column":0},"end":{"line":3576,"column":48}},"3576":{"start":{"line":3577,"column":0},"end":{"line":3577,"column":14}},"3577":{"start":{"line":3578,"column":0},"end":{"line":3578,"column":10}},"3586":{"start":{"line":3587,"column":0},"end":{"line":3587,"column":160}},"3588":{"start":{"line":3589,"column":0},"end":{"line":3589,"column":68}},"3589":{"start":{"line":3590,"column":0},"end":{"line":3590,"column":67}},"3590":{"start":{"line":3591,"column":0},"end":{"line":3591,"column":86}},"3592":{"start":{"line":3593,"column":0},"end":{"line":3593,"column":73}},"3593":{"start":{"line":3594,"column":0},"end":{"line":3594,"column":28}},"3594":{"start":{"line":3595,"column":0},"end":{"line":3595,"column":32}},"3595":{"start":{"line":3596,"column":0},"end":{"line":3596,"column":56}},"3596":{"start":{"line":3597,"column":0},"end":{"line":3597,"column":13}},"3598":{"start":{"line":3599,"column":0},"end":{"line":3599,"column":89}},"3599":{"start":{"line":3600,"column":0},"end":{"line":3600,"column":54}},"3600":{"start":{"line":3601,"column":0},"end":{"line":3601,"column":53}},"3603":{"start":{"line":3604,"column":0},"end":{"line":3604,"column":92}},"3607":{"start":{"line":3608,"column":0},"end":{"line":3608,"column":73}},"3609":{"start":{"line":3610,"column":0},"end":{"line":3610,"column":68}},"3610":{"start":{"line":3611,"column":0},"end":{"line":3611,"column":103}},"3611":{"start":{"line":3612,"column":0},"end":{"line":3612,"column":121}},"3612":{"start":{"line":3613,"column":0},"end":{"line":3613,"column":127}},"3614":{"start":{"line":3615,"column":0},"end":{"line":3615,"column":20}},"3615":{"start":{"line":3616,"column":0},"end":{"line":3616,"column":50}},"3616":{"start":{"line":3617,"column":0},"end":{"line":3617,"column":48}},"3617":{"start":{"line":3618,"column":0},"end":{"line":3618,"column":14}},"3618":{"start":{"line":3619,"column":0},"end":{"line":3619,"column":10}},"3627":{"start":{"line":3628,"column":0},"end":{"line":3628,"column":143}},"3629":{"start":{"line":3630,"column":0},"end":{"line":3630,"column":49}},"3630":{"start":{"line":3631,"column":0},"end":{"line":3631,"column":56}},"3631":{"start":{"line":3632,"column":0},"end":{"line":3632,"column":70}},"3633":{"start":{"line":3634,"column":0},"end":{"line":3634,"column":73}},"3634":{"start":{"line":3635,"column":0},"end":{"line":3635,"column":28}},"3635":{"start":{"line":3636,"column":0},"end":{"line":3636,"column":32}},"3636":{"start":{"line":3637,"column":0},"end":{"line":3637,"column":56}},"3637":{"start":{"line":3638,"column":0},"end":{"line":3638,"column":13}},"3639":{"start":{"line":3640,"column":0},"end":{"line":3640,"column":89}},"3640":{"start":{"line":3641,"column":0},"end":{"line":3641,"column":54}},"3641":{"start":{"line":3642,"column":0},"end":{"line":3642,"column":53}},"3644":{"start":{"line":3645,"column":0},"end":{"line":3645,"column":92}},"3648":{"start":{"line":3649,"column":0},"end":{"line":3649,"column":73}},"3650":{"start":{"line":3651,"column":0},"end":{"line":3651,"column":68}},"3651":{"start":{"line":3652,"column":0},"end":{"line":3652,"column":103}},"3652":{"start":{"line":3653,"column":0},"end":{"line":3653,"column":121}},"3653":{"start":{"line":3654,"column":0},"end":{"line":3654,"column":124}},"3655":{"start":{"line":3656,"column":0},"end":{"line":3656,"column":20}},"3656":{"start":{"line":3657,"column":0},"end":{"line":3657,"column":50}},"3657":{"start":{"line":3658,"column":0},"end":{"line":3658,"column":48}},"3658":{"start":{"line":3659,"column":0},"end":{"line":3659,"column":14}},"3659":{"start":{"line":3660,"column":0},"end":{"line":3660,"column":10}},"3668":{"start":{"line":3669,"column":0},"end":{"line":3669,"column":149}},"3670":{"start":{"line":3671,"column":0},"end":{"line":3671,"column":51}},"3671":{"start":{"line":3672,"column":0},"end":{"line":3672,"column":54}},"3672":{"start":{"line":3673,"column":0},"end":{"line":3673,"column":70}},"3674":{"start":{"line":3675,"column":0},"end":{"line":3675,"column":73}},"3675":{"start":{"line":3676,"column":0},"end":{"line":3676,"column":28}},"3676":{"start":{"line":3677,"column":0},"end":{"line":3677,"column":32}},"3677":{"start":{"line":3678,"column":0},"end":{"line":3678,"column":56}},"3678":{"start":{"line":3679,"column":0},"end":{"line":3679,"column":13}},"3680":{"start":{"line":3681,"column":0},"end":{"line":3681,"column":89}},"3681":{"start":{"line":3682,"column":0},"end":{"line":3682,"column":54}},"3682":{"start":{"line":3683,"column":0},"end":{"line":3683,"column":53}},"3685":{"start":{"line":3686,"column":0},"end":{"line":3686,"column":92}},"3689":{"start":{"line":3690,"column":0},"end":{"line":3690,"column":73}},"3691":{"start":{"line":3692,"column":0},"end":{"line":3692,"column":68}},"3692":{"start":{"line":3693,"column":0},"end":{"line":3693,"column":103}},"3693":{"start":{"line":3694,"column":0},"end":{"line":3694,"column":121}},"3694":{"start":{"line":3695,"column":0},"end":{"line":3695,"column":126}},"3696":{"start":{"line":3697,"column":0},"end":{"line":3697,"column":20}},"3697":{"start":{"line":3698,"column":0},"end":{"line":3698,"column":50}},"3698":{"start":{"line":3699,"column":0},"end":{"line":3699,"column":48}},"3699":{"start":{"line":3700,"column":0},"end":{"line":3700,"column":14}},"3700":{"start":{"line":3701,"column":0},"end":{"line":3701,"column":10}},"3709":{"start":{"line":3710,"column":0},"end":{"line":3710,"column":158}},"3711":{"start":{"line":3712,"column":0},"end":{"line":3712,"column":54}},"3712":{"start":{"line":3713,"column":0},"end":{"line":3713,"column":57}},"3713":{"start":{"line":3714,"column":0},"end":{"line":3714,"column":70}},"3715":{"start":{"line":3716,"column":0},"end":{"line":3716,"column":73}},"3716":{"start":{"line":3717,"column":0},"end":{"line":3717,"column":28}},"3717":{"start":{"line":3718,"column":0},"end":{"line":3718,"column":32}},"3718":{"start":{"line":3719,"column":0},"end":{"line":3719,"column":56}},"3719":{"start":{"line":3720,"column":0},"end":{"line":3720,"column":13}},"3721":{"start":{"line":3722,"column":0},"end":{"line":3722,"column":89}},"3722":{"start":{"line":3723,"column":0},"end":{"line":3723,"column":54}},"3723":{"start":{"line":3724,"column":0},"end":{"line":3724,"column":53}},"3726":{"start":{"line":3727,"column":0},"end":{"line":3727,"column":92}},"3730":{"start":{"line":3731,"column":0},"end":{"line":3731,"column":73}},"3732":{"start":{"line":3733,"column":0},"end":{"line":3733,"column":68}},"3733":{"start":{"line":3734,"column":0},"end":{"line":3734,"column":103}},"3734":{"start":{"line":3735,"column":0},"end":{"line":3735,"column":121}},"3735":{"start":{"line":3736,"column":0},"end":{"line":3736,"column":129}},"3737":{"start":{"line":3738,"column":0},"end":{"line":3738,"column":20}},"3738":{"start":{"line":3739,"column":0},"end":{"line":3739,"column":50}},"3739":{"start":{"line":3740,"column":0},"end":{"line":3740,"column":48}},"3740":{"start":{"line":3741,"column":0},"end":{"line":3741,"column":14}},"3741":{"start":{"line":3742,"column":0},"end":{"line":3742,"column":10}},"3750":{"start":{"line":3751,"column":0},"end":{"line":3751,"column":157}},"3752":{"start":{"line":3753,"column":0},"end":{"line":3753,"column":54}},"3754":{"start":{"line":3755,"column":0},"end":{"line":3755,"column":100}},"3755":{"start":{"line":3756,"column":0},"end":{"line":3756,"column":53}},"3756":{"start":{"line":3757,"column":0},"end":{"line":3757,"column":70}},"3758":{"start":{"line":3759,"column":0},"end":{"line":3759,"column":73}},"3759":{"start":{"line":3760,"column":0},"end":{"line":3760,"column":28}},"3760":{"start":{"line":3761,"column":0},"end":{"line":3761,"column":32}},"3761":{"start":{"line":3762,"column":0},"end":{"line":3762,"column":56}},"3762":{"start":{"line":3763,"column":0},"end":{"line":3763,"column":13}},"3764":{"start":{"line":3765,"column":0},"end":{"line":3765,"column":89}},"3765":{"start":{"line":3766,"column":0},"end":{"line":3766,"column":54}},"3766":{"start":{"line":3767,"column":0},"end":{"line":3767,"column":53}},"3769":{"start":{"line":3770,"column":0},"end":{"line":3770,"column":92}},"3773":{"start":{"line":3774,"column":0},"end":{"line":3774,"column":73}},"3775":{"start":{"line":3776,"column":0},"end":{"line":3776,"column":68}},"3776":{"start":{"line":3777,"column":0},"end":{"line":3777,"column":103}},"3777":{"start":{"line":3778,"column":0},"end":{"line":3778,"column":121}},"3778":{"start":{"line":3779,"column":0},"end":{"line":3779,"column":129}},"3780":{"start":{"line":3781,"column":0},"end":{"line":3781,"column":20}},"3781":{"start":{"line":3782,"column":0},"end":{"line":3782,"column":50}},"3782":{"start":{"line":3783,"column":0},"end":{"line":3783,"column":48}},"3783":{"start":{"line":3784,"column":0},"end":{"line":3784,"column":14}},"3784":{"start":{"line":3785,"column":0},"end":{"line":3785,"column":10}},"3785":{"start":{"line":3786,"column":0},"end":{"line":3786,"column":5}},"3786":{"start":{"line":3787,"column":0},"end":{"line":3787,"column":2}},"3792":{"start":{"line":3793,"column":0},"end":{"line":3793,"column":70}},"3793":{"start":{"line":3794,"column":0},"end":{"line":3794,"column":81}},"3794":{"start":{"line":3795,"column":0},"end":{"line":3795,"column":12}},"3803":{"start":{"line":3804,"column":0},"end":{"line":3804,"column":190}},"3804":{"start":{"line":3805,"column":0},"end":{"line":3805,"column":112}},"3805":{"start":{"line":3806,"column":0},"end":{"line":3806,"column":81}},"3806":{"start":{"line":3807,"column":0},"end":{"line":3807,"column":130}},"3807":{"start":{"line":3808,"column":0},"end":{"line":3808,"column":172}},"3808":{"start":{"line":3809,"column":0},"end":{"line":3809,"column":10}},"3817":{"start":{"line":3818,"column":0},"end":{"line":3818,"column":193}},"3818":{"start":{"line":3819,"column":0},"end":{"line":3819,"column":114}},"3819":{"start":{"line":3820,"column":0},"end":{"line":3820,"column":81}},"3820":{"start":{"line":3821,"column":0},"end":{"line":3821,"column":131}},"3821":{"start":{"line":3822,"column":0},"end":{"line":3822,"column":172}},"3822":{"start":{"line":3823,"column":0},"end":{"line":3823,"column":10}},"3831":{"start":{"line":3832,"column":0},"end":{"line":3832,"column":193}},"3832":{"start":{"line":3833,"column":0},"end":{"line":3833,"column":114}},"3833":{"start":{"line":3834,"column":0},"end":{"line":3834,"column":81}},"3834":{"start":{"line":3835,"column":0},"end":{"line":3835,"column":131}},"3835":{"start":{"line":3836,"column":0},"end":{"line":3836,"column":172}},"3836":{"start":{"line":3837,"column":0},"end":{"line":3837,"column":10}},"3844":{"start":{"line":3845,"column":0},"end":{"line":3845,"column":177}},"3845":{"start":{"line":3846,"column":0},"end":{"line":3846,"column":108}},"3846":{"start":{"line":3847,"column":0},"end":{"line":3847,"column":81}},"3847":{"start":{"line":3848,"column":0},"end":{"line":3848,"column":130}},"3848":{"start":{"line":3849,"column":0},"end":{"line":3849,"column":172}},"3849":{"start":{"line":3850,"column":0},"end":{"line":3850,"column":10}},"3857":{"start":{"line":3858,"column":0},"end":{"line":3858,"column":142}},"3858":{"start":{"line":3859,"column":0},"end":{"line":3859,"column":87}},"3859":{"start":{"line":3860,"column":0},"end":{"line":3860,"column":81}},"3860":{"start":{"line":3861,"column":0},"end":{"line":3861,"column":127}},"3861":{"start":{"line":3862,"column":0},"end":{"line":3862,"column":172}},"3862":{"start":{"line":3863,"column":0},"end":{"line":3863,"column":10}},"3871":{"start":{"line":3872,"column":0},"end":{"line":3872,"column":207}},"3872":{"start":{"line":3873,"column":0},"end":{"line":3873,"column":126}},"3873":{"start":{"line":3874,"column":0},"end":{"line":3874,"column":81}},"3874":{"start":{"line":3875,"column":0},"end":{"line":3875,"column":133}},"3875":{"start":{"line":3876,"column":0},"end":{"line":3876,"column":172}},"3876":{"start":{"line":3877,"column":0},"end":{"line":3877,"column":10}},"3885":{"start":{"line":3886,"column":0},"end":{"line":3886,"column":190}},"3886":{"start":{"line":3887,"column":0},"end":{"line":3887,"column":112}},"3887":{"start":{"line":3888,"column":0},"end":{"line":3888,"column":81}},"3888":{"start":{"line":3889,"column":0},"end":{"line":3889,"column":130}},"3889":{"start":{"line":3890,"column":0},"end":{"line":3890,"column":172}},"3890":{"start":{"line":3891,"column":0},"end":{"line":3891,"column":10}},"3899":{"start":{"line":3900,"column":0},"end":{"line":3900,"column":196}},"3900":{"start":{"line":3901,"column":0},"end":{"line":3901,"column":116}},"3901":{"start":{"line":3902,"column":0},"end":{"line":3902,"column":81}},"3902":{"start":{"line":3903,"column":0},"end":{"line":3903,"column":132}},"3903":{"start":{"line":3904,"column":0},"end":{"line":3904,"column":172}},"3904":{"start":{"line":3905,"column":0},"end":{"line":3905,"column":10}},"3913":{"start":{"line":3914,"column":0},"end":{"line":3914,"column":205}},"3914":{"start":{"line":3915,"column":0},"end":{"line":3915,"column":122}},"3915":{"start":{"line":3916,"column":0},"end":{"line":3916,"column":81}},"3916":{"start":{"line":3917,"column":0},"end":{"line":3917,"column":135}},"3917":{"start":{"line":3918,"column":0},"end":{"line":3918,"column":172}},"3918":{"start":{"line":3919,"column":0},"end":{"line":3919,"column":10}},"3927":{"start":{"line":3928,"column":0},"end":{"line":3928,"column":204}},"3928":{"start":{"line":3929,"column":0},"end":{"line":3929,"column":122}},"3929":{"start":{"line":3930,"column":0},"end":{"line":3930,"column":81}},"3930":{"start":{"line":3931,"column":0},"end":{"line":3931,"column":135}},"3931":{"start":{"line":3932,"column":0},"end":{"line":3932,"column":172}},"3932":{"start":{"line":3933,"column":0},"end":{"line":3933,"column":10}},"3933":{"start":{"line":3934,"column":0},"end":{"line":3934,"column":5}},"3934":{"start":{"line":3935,"column":0},"end":{"line":3935,"column":2}},"3940":{"start":{"line":3941,"column":0},"end":{"line":3941,"column":118}},"3941":{"start":{"line":3942,"column":0},"end":{"line":3942,"column":51}},"3942":{"start":{"line":3943,"column":0},"end":{"line":3943,"column":12}},"3951":{"start":{"line":3952,"column":0},"end":{"line":3952,"column":129}},"3952":{"start":{"line":3953,"column":0},"end":{"line":3953,"column":116}},"3953":{"start":{"line":3954,"column":0},"end":{"line":3954,"column":10}},"3962":{"start":{"line":3963,"column":0},"end":{"line":3963,"column":132}},"3963":{"start":{"line":3964,"column":0},"end":{"line":3964,"column":118}},"3964":{"start":{"line":3965,"column":0},"end":{"line":3965,"column":10}},"3973":{"start":{"line":3974,"column":0},"end":{"line":3974,"column":132}},"3974":{"start":{"line":3975,"column":0},"end":{"line":3975,"column":118}},"3975":{"start":{"line":3976,"column":0},"end":{"line":3976,"column":10}},"3983":{"start":{"line":3984,"column":0},"end":{"line":3984,"column":116}},"3984":{"start":{"line":3985,"column":0},"end":{"line":3985,"column":112}},"3985":{"start":{"line":3986,"column":0},"end":{"line":3986,"column":10}},"3993":{"start":{"line":3994,"column":0},"end":{"line":3994,"column":81}},"3994":{"start":{"line":3995,"column":0},"end":{"line":3995,"column":91}},"3995":{"start":{"line":3996,"column":0},"end":{"line":3996,"column":10}},"4004":{"start":{"line":4005,"column":0},"end":{"line":4005,"column":146}},"4005":{"start":{"line":4006,"column":0},"end":{"line":4006,"column":130}},"4006":{"start":{"line":4007,"column":0},"end":{"line":4007,"column":10}},"4015":{"start":{"line":4016,"column":0},"end":{"line":4016,"column":129}},"4016":{"start":{"line":4017,"column":0},"end":{"line":4017,"column":116}},"4017":{"start":{"line":4018,"column":0},"end":{"line":4018,"column":10}},"4026":{"start":{"line":4027,"column":0},"end":{"line":4027,"column":135}},"4027":{"start":{"line":4028,"column":0},"end":{"line":4028,"column":120}},"4028":{"start":{"line":4029,"column":0},"end":{"line":4029,"column":10}},"4037":{"start":{"line":4038,"column":0},"end":{"line":4038,"column":144}},"4038":{"start":{"line":4039,"column":0},"end":{"line":4039,"column":126}},"4039":{"start":{"line":4040,"column":0},"end":{"line":4040,"column":10}},"4048":{"start":{"line":4049,"column":0},"end":{"line":4049,"column":143}},"4049":{"start":{"line":4050,"column":0},"end":{"line":4050,"column":126}},"4050":{"start":{"line":4051,"column":0},"end":{"line":4051,"column":10}},"4051":{"start":{"line":4052,"column":0},"end":{"line":4052,"column":6}},"4052":{"start":{"line":4053,"column":0},"end":{"line":4053,"column":2}},"4060":{"start":{"line":4061,"column":0},"end":{"line":4061,"column":42}},"4070":{"start":{"line":4071,"column":0},"end":{"line":4071,"column":109}},"4071":{"start":{"line":4072,"column":0},"end":{"line":4072,"column":145}},"4072":{"start":{"line":4073,"column":0},"end":{"line":4073,"column":5}},"4083":{"start":{"line":4084,"column":0},"end":{"line":4084,"column":112}},"4084":{"start":{"line":4085,"column":0},"end":{"line":4085,"column":147}},"4085":{"start":{"line":4086,"column":0},"end":{"line":4086,"column":5}},"4096":{"start":{"line":4097,"column":0},"end":{"line":4097,"column":112}},"4097":{"start":{"line":4098,"column":0},"end":{"line":4098,"column":147}},"4098":{"start":{"line":4099,"column":0},"end":{"line":4099,"column":5}},"4108":{"start":{"line":4109,"column":0},"end":{"line":4109,"column":96}},"4109":{"start":{"line":4110,"column":0},"end":{"line":4110,"column":141}},"4110":{"start":{"line":4111,"column":0},"end":{"line":4111,"column":5}},"4120":{"start":{"line":4121,"column":0},"end":{"line":4121,"column":61}},"4121":{"start":{"line":4122,"column":0},"end":{"line":4122,"column":120}},"4122":{"start":{"line":4123,"column":0},"end":{"line":4123,"column":5}},"4133":{"start":{"line":4134,"column":0},"end":{"line":4134,"column":126}},"4134":{"start":{"line":4135,"column":0},"end":{"line":4135,"column":159}},"4135":{"start":{"line":4136,"column":0},"end":{"line":4136,"column":5}},"4146":{"start":{"line":4147,"column":0},"end":{"line":4147,"column":109}},"4147":{"start":{"line":4148,"column":0},"end":{"line":4148,"column":145}},"4148":{"start":{"line":4149,"column":0},"end":{"line":4149,"column":5}},"4159":{"start":{"line":4160,"column":0},"end":{"line":4160,"column":115}},"4160":{"start":{"line":4161,"column":0},"end":{"line":4161,"column":149}},"4161":{"start":{"line":4162,"column":0},"end":{"line":4162,"column":5}},"4172":{"start":{"line":4173,"column":0},"end":{"line":4173,"column":124}},"4173":{"start":{"line":4174,"column":0},"end":{"line":4174,"column":155}},"4174":{"start":{"line":4175,"column":0},"end":{"line":4175,"column":5}},"4185":{"start":{"line":4186,"column":0},"end":{"line":4186,"column":123}},"4186":{"start":{"line":4187,"column":0},"end":{"line":4187,"column":155}},"4187":{"start":{"line":4188,"column":0},"end":{"line":4188,"column":5}},"4188":{"start":{"line":4189,"column":0},"end":{"line":4189,"column":1}},"4196":{"start":{"line":4197,"column":0},"end":{"line":4197,"column":91}},"4197":{"start":{"line":4198,"column":0},"end":{"line":4198,"column":12}},"4206":{"start":{"line":4207,"column":0},"end":{"line":4207,"column":159}},"4208":{"start":{"line":4209,"column":0},"end":{"line":4209,"column":51}},"4209":{"start":{"line":4210,"column":0},"end":{"line":4210,"column":63}},"4210":{"start":{"line":4211,"column":0},"end":{"line":4211,"column":70}},"4212":{"start":{"line":4213,"column":0},"end":{"line":4213,"column":73}},"4213":{"start":{"line":4214,"column":0},"end":{"line":4214,"column":28}},"4214":{"start":{"line":4215,"column":0},"end":{"line":4215,"column":32}},"4215":{"start":{"line":4216,"column":0},"end":{"line":4216,"column":56}},"4216":{"start":{"line":4217,"column":0},"end":{"line":4217,"column":13}},"4218":{"start":{"line":4219,"column":0},"end":{"line":4219,"column":89}},"4219":{"start":{"line":4220,"column":0},"end":{"line":4220,"column":54}},"4220":{"start":{"line":4221,"column":0},"end":{"line":4221,"column":53}},"4223":{"start":{"line":4224,"column":0},"end":{"line":4224,"column":92}},"4227":{"start":{"line":4228,"column":0},"end":{"line":4228,"column":73}},"4229":{"start":{"line":4230,"column":0},"end":{"line":4230,"column":68}},"4230":{"start":{"line":4231,"column":0},"end":{"line":4231,"column":103}},"4231":{"start":{"line":4232,"column":0},"end":{"line":4232,"column":121}},"4232":{"start":{"line":4233,"column":0},"end":{"line":4233,"column":131}},"4234":{"start":{"line":4235,"column":0},"end":{"line":4235,"column":20}},"4235":{"start":{"line":4236,"column":0},"end":{"line":4236,"column":50}},"4236":{"start":{"line":4237,"column":0},"end":{"line":4237,"column":48}},"4237":{"start":{"line":4238,"column":0},"end":{"line":4238,"column":14}},"4238":{"start":{"line":4239,"column":0},"end":{"line":4239,"column":10}},"4247":{"start":{"line":4248,"column":0},"end":{"line":4248,"column":153}},"4249":{"start":{"line":4250,"column":0},"end":{"line":4250,"column":49}},"4250":{"start":{"line":4251,"column":0},"end":{"line":4251,"column":61}},"4251":{"start":{"line":4252,"column":0},"end":{"line":4252,"column":70}},"4253":{"start":{"line":4254,"column":0},"end":{"line":4254,"column":73}},"4254":{"start":{"line":4255,"column":0},"end":{"line":4255,"column":28}},"4255":{"start":{"line":4256,"column":0},"end":{"line":4256,"column":32}},"4256":{"start":{"line":4257,"column":0},"end":{"line":4257,"column":56}},"4257":{"start":{"line":4258,"column":0},"end":{"line":4258,"column":13}},"4259":{"start":{"line":4260,"column":0},"end":{"line":4260,"column":89}},"4260":{"start":{"line":4261,"column":0},"end":{"line":4261,"column":54}},"4261":{"start":{"line":4262,"column":0},"end":{"line":4262,"column":53}},"4264":{"start":{"line":4265,"column":0},"end":{"line":4265,"column":92}},"4268":{"start":{"line":4269,"column":0},"end":{"line":4269,"column":73}},"4270":{"start":{"line":4271,"column":0},"end":{"line":4271,"column":68}},"4271":{"start":{"line":4272,"column":0},"end":{"line":4272,"column":103}},"4272":{"start":{"line":4273,"column":0},"end":{"line":4273,"column":121}},"4273":{"start":{"line":4274,"column":0},"end":{"line":4274,"column":129}},"4275":{"start":{"line":4276,"column":0},"end":{"line":4276,"column":20}},"4276":{"start":{"line":4277,"column":0},"end":{"line":4277,"column":50}},"4277":{"start":{"line":4278,"column":0},"end":{"line":4278,"column":48}},"4278":{"start":{"line":4279,"column":0},"end":{"line":4279,"column":14}},"4279":{"start":{"line":4280,"column":0},"end":{"line":4280,"column":10}},"4287":{"start":{"line":4288,"column":0},"end":{"line":4288,"column":140}},"4289":{"start":{"line":4290,"column":0},"end":{"line":4290,"column":95}},"4290":{"start":{"line":4291,"column":0},"end":{"line":4291,"column":50}},"4292":{"start":{"line":4293,"column":0},"end":{"line":4293,"column":73}},"4293":{"start":{"line":4294,"column":0},"end":{"line":4294,"column":28}},"4294":{"start":{"line":4295,"column":0},"end":{"line":4295,"column":32}},"4295":{"start":{"line":4296,"column":0},"end":{"line":4296,"column":56}},"4296":{"start":{"line":4297,"column":0},"end":{"line":4297,"column":13}},"4298":{"start":{"line":4299,"column":0},"end":{"line":4299,"column":89}},"4299":{"start":{"line":4300,"column":0},"end":{"line":4300,"column":54}},"4300":{"start":{"line":4301,"column":0},"end":{"line":4301,"column":53}},"4303":{"start":{"line":4304,"column":0},"end":{"line":4304,"column":92}},"4307":{"start":{"line":4308,"column":0},"end":{"line":4308,"column":73}},"4309":{"start":{"line":4310,"column":0},"end":{"line":4310,"column":68}},"4310":{"start":{"line":4311,"column":0},"end":{"line":4311,"column":103}},"4311":{"start":{"line":4312,"column":0},"end":{"line":4312,"column":121}},"4312":{"start":{"line":4313,"column":0},"end":{"line":4313,"column":129}},"4314":{"start":{"line":4315,"column":0},"end":{"line":4315,"column":20}},"4315":{"start":{"line":4316,"column":0},"end":{"line":4316,"column":50}},"4316":{"start":{"line":4317,"column":0},"end":{"line":4317,"column":48}},"4317":{"start":{"line":4318,"column":0},"end":{"line":4318,"column":14}},"4318":{"start":{"line":4319,"column":0},"end":{"line":4319,"column":10}},"4326":{"start":{"line":4327,"column":0},"end":{"line":4327,"column":95}},"4328":{"start":{"line":4329,"column":0},"end":{"line":4329,"column":46}},"4329":{"start":{"line":4330,"column":0},"end":{"line":4330,"column":54}},"4330":{"start":{"line":4331,"column":0},"end":{"line":4331,"column":70}},"4332":{"start":{"line":4333,"column":0},"end":{"line":4333,"column":73}},"4333":{"start":{"line":4334,"column":0},"end":{"line":4334,"column":28}},"4334":{"start":{"line":4335,"column":0},"end":{"line":4335,"column":32}},"4335":{"start":{"line":4336,"column":0},"end":{"line":4336,"column":56}},"4336":{"start":{"line":4337,"column":0},"end":{"line":4337,"column":13}},"4338":{"start":{"line":4339,"column":0},"end":{"line":4339,"column":88}},"4339":{"start":{"line":4340,"column":0},"end":{"line":4340,"column":54}},"4340":{"start":{"line":4341,"column":0},"end":{"line":4341,"column":53}},"4343":{"start":{"line":4344,"column":0},"end":{"line":4344,"column":92}},"4347":{"start":{"line":4348,"column":0},"end":{"line":4348,"column":68}},"4348":{"start":{"line":4349,"column":0},"end":{"line":4349,"column":103}},"4349":{"start":{"line":4350,"column":0},"end":{"line":4350,"column":121}},"4351":{"start":{"line":4352,"column":0},"end":{"line":4352,"column":20}},"4352":{"start":{"line":4353,"column":0},"end":{"line":4353,"column":50}},"4353":{"start":{"line":4354,"column":0},"end":{"line":4354,"column":48}},"4354":{"start":{"line":4355,"column":0},"end":{"line":4355,"column":14}},"4355":{"start":{"line":4356,"column":0},"end":{"line":4356,"column":10}},"4364":{"start":{"line":4365,"column":0},"end":{"line":4365,"column":150}},"4366":{"start":{"line":4367,"column":0},"end":{"line":4367,"column":48}},"4367":{"start":{"line":4368,"column":0},"end":{"line":4368,"column":60}},"4368":{"start":{"line":4369,"column":0},"end":{"line":4369,"column":70}},"4370":{"start":{"line":4371,"column":0},"end":{"line":4371,"column":73}},"4371":{"start":{"line":4372,"column":0},"end":{"line":4372,"column":28}},"4372":{"start":{"line":4373,"column":0},"end":{"line":4373,"column":32}},"4373":{"start":{"line":4374,"column":0},"end":{"line":4374,"column":56}},"4374":{"start":{"line":4375,"column":0},"end":{"line":4375,"column":13}},"4376":{"start":{"line":4377,"column":0},"end":{"line":4377,"column":89}},"4377":{"start":{"line":4378,"column":0},"end":{"line":4378,"column":54}},"4378":{"start":{"line":4379,"column":0},"end":{"line":4379,"column":53}},"4381":{"start":{"line":4382,"column":0},"end":{"line":4382,"column":92}},"4385":{"start":{"line":4386,"column":0},"end":{"line":4386,"column":73}},"4387":{"start":{"line":4388,"column":0},"end":{"line":4388,"column":68}},"4388":{"start":{"line":4389,"column":0},"end":{"line":4389,"column":103}},"4389":{"start":{"line":4390,"column":0},"end":{"line":4390,"column":121}},"4390":{"start":{"line":4391,"column":0},"end":{"line":4391,"column":128}},"4392":{"start":{"line":4393,"column":0},"end":{"line":4393,"column":20}},"4393":{"start":{"line":4394,"column":0},"end":{"line":4394,"column":50}},"4394":{"start":{"line":4395,"column":0},"end":{"line":4395,"column":48}},"4395":{"start":{"line":4396,"column":0},"end":{"line":4396,"column":14}},"4396":{"start":{"line":4397,"column":0},"end":{"line":4397,"column":10}},"4404":{"start":{"line":4405,"column":0},"end":{"line":4405,"column":98}},"4406":{"start":{"line":4407,"column":0},"end":{"line":4407,"column":49}},"4407":{"start":{"line":4408,"column":0},"end":{"line":4408,"column":61}},"4408":{"start":{"line":4409,"column":0},"end":{"line":4409,"column":70}},"4410":{"start":{"line":4411,"column":0},"end":{"line":4411,"column":73}},"4411":{"start":{"line":4412,"column":0},"end":{"line":4412,"column":28}},"4412":{"start":{"line":4413,"column":0},"end":{"line":4413,"column":32}},"4413":{"start":{"line":4414,"column":0},"end":{"line":4414,"column":56}},"4414":{"start":{"line":4415,"column":0},"end":{"line":4415,"column":13}},"4416":{"start":{"line":4417,"column":0},"end":{"line":4417,"column":89}},"4417":{"start":{"line":4418,"column":0},"end":{"line":4418,"column":54}},"4418":{"start":{"line":4419,"column":0},"end":{"line":4419,"column":53}},"4421":{"start":{"line":4422,"column":0},"end":{"line":4422,"column":92}},"4425":{"start":{"line":4426,"column":0},"end":{"line":4426,"column":68}},"4426":{"start":{"line":4427,"column":0},"end":{"line":4427,"column":103}},"4427":{"start":{"line":4428,"column":0},"end":{"line":4428,"column":121}},"4429":{"start":{"line":4430,"column":0},"end":{"line":4430,"column":20}},"4430":{"start":{"line":4431,"column":0},"end":{"line":4431,"column":50}},"4431":{"start":{"line":4432,"column":0},"end":{"line":4432,"column":48}},"4432":{"start":{"line":4433,"column":0},"end":{"line":4433,"column":14}},"4433":{"start":{"line":4434,"column":0},"end":{"line":4434,"column":10}},"4442":{"start":{"line":4443,"column":0},"end":{"line":4443,"column":159}},"4444":{"start":{"line":4445,"column":0},"end":{"line":4445,"column":51}},"4445":{"start":{"line":4446,"column":0},"end":{"line":4446,"column":59}},"4446":{"start":{"line":4447,"column":0},"end":{"line":4447,"column":70}},"4448":{"start":{"line":4449,"column":0},"end":{"line":4449,"column":73}},"4449":{"start":{"line":4450,"column":0},"end":{"line":4450,"column":28}},"4450":{"start":{"line":4451,"column":0},"end":{"line":4451,"column":32}},"4451":{"start":{"line":4452,"column":0},"end":{"line":4452,"column":56}},"4452":{"start":{"line":4453,"column":0},"end":{"line":4453,"column":13}},"4454":{"start":{"line":4455,"column":0},"end":{"line":4455,"column":89}},"4455":{"start":{"line":4456,"column":0},"end":{"line":4456,"column":54}},"4456":{"start":{"line":4457,"column":0},"end":{"line":4457,"column":53}},"4459":{"start":{"line":4460,"column":0},"end":{"line":4460,"column":92}},"4463":{"start":{"line":4464,"column":0},"end":{"line":4464,"column":73}},"4465":{"start":{"line":4466,"column":0},"end":{"line":4466,"column":68}},"4466":{"start":{"line":4467,"column":0},"end":{"line":4467,"column":103}},"4467":{"start":{"line":4468,"column":0},"end":{"line":4468,"column":121}},"4468":{"start":{"line":4469,"column":0},"end":{"line":4469,"column":131}},"4470":{"start":{"line":4471,"column":0},"end":{"line":4471,"column":20}},"4471":{"start":{"line":4472,"column":0},"end":{"line":4472,"column":50}},"4472":{"start":{"line":4473,"column":0},"end":{"line":4473,"column":48}},"4473":{"start":{"line":4474,"column":0},"end":{"line":4474,"column":14}},"4474":{"start":{"line":4475,"column":0},"end":{"line":4475,"column":10}},"4483":{"start":{"line":4484,"column":0},"end":{"line":4484,"column":165}},"4485":{"start":{"line":4486,"column":0},"end":{"line":4486,"column":53}},"4486":{"start":{"line":4487,"column":0},"end":{"line":4487,"column":61}},"4487":{"start":{"line":4488,"column":0},"end":{"line":4488,"column":70}},"4489":{"start":{"line":4490,"column":0},"end":{"line":4490,"column":73}},"4490":{"start":{"line":4491,"column":0},"end":{"line":4491,"column":28}},"4491":{"start":{"line":4492,"column":0},"end":{"line":4492,"column":32}},"4492":{"start":{"line":4493,"column":0},"end":{"line":4493,"column":56}},"4493":{"start":{"line":4494,"column":0},"end":{"line":4494,"column":13}},"4495":{"start":{"line":4496,"column":0},"end":{"line":4496,"column":89}},"4496":{"start":{"line":4497,"column":0},"end":{"line":4497,"column":54}},"4497":{"start":{"line":4498,"column":0},"end":{"line":4498,"column":53}},"4500":{"start":{"line":4501,"column":0},"end":{"line":4501,"column":92}},"4504":{"start":{"line":4505,"column":0},"end":{"line":4505,"column":73}},"4506":{"start":{"line":4507,"column":0},"end":{"line":4507,"column":68}},"4507":{"start":{"line":4508,"column":0},"end":{"line":4508,"column":103}},"4508":{"start":{"line":4509,"column":0},"end":{"line":4509,"column":121}},"4509":{"start":{"line":4510,"column":0},"end":{"line":4510,"column":133}},"4511":{"start":{"line":4512,"column":0},"end":{"line":4512,"column":20}},"4512":{"start":{"line":4513,"column":0},"end":{"line":4513,"column":50}},"4513":{"start":{"line":4514,"column":0},"end":{"line":4514,"column":48}},"4514":{"start":{"line":4515,"column":0},"end":{"line":4515,"column":14}},"4515":{"start":{"line":4516,"column":0},"end":{"line":4516,"column":10}},"4524":{"start":{"line":4525,"column":0},"end":{"line":4525,"column":152}},"4526":{"start":{"line":4527,"column":0},"end":{"line":4527,"column":49}},"4528":{"start":{"line":4529,"column":0},"end":{"line":4529,"column":95}},"4529":{"start":{"line":4530,"column":0},"end":{"line":4530,"column":54}},"4530":{"start":{"line":4531,"column":0},"end":{"line":4531,"column":70}},"4532":{"start":{"line":4533,"column":0},"end":{"line":4533,"column":73}},"4533":{"start":{"line":4534,"column":0},"end":{"line":4534,"column":28}},"4534":{"start":{"line":4535,"column":0},"end":{"line":4535,"column":32}},"4535":{"start":{"line":4536,"column":0},"end":{"line":4536,"column":56}},"4536":{"start":{"line":4537,"column":0},"end":{"line":4537,"column":13}},"4538":{"start":{"line":4539,"column":0},"end":{"line":4539,"column":88}},"4539":{"start":{"line":4540,"column":0},"end":{"line":4540,"column":54}},"4540":{"start":{"line":4541,"column":0},"end":{"line":4541,"column":53}},"4543":{"start":{"line":4544,"column":0},"end":{"line":4544,"column":92}},"4547":{"start":{"line":4548,"column":0},"end":{"line":4548,"column":73}},"4549":{"start":{"line":4550,"column":0},"end":{"line":4550,"column":68}},"4550":{"start":{"line":4551,"column":0},"end":{"line":4551,"column":103}},"4551":{"start":{"line":4552,"column":0},"end":{"line":4552,"column":121}},"4552":{"start":{"line":4553,"column":0},"end":{"line":4553,"column":129}},"4554":{"start":{"line":4555,"column":0},"end":{"line":4555,"column":20}},"4555":{"start":{"line":4556,"column":0},"end":{"line":4556,"column":50}},"4556":{"start":{"line":4557,"column":0},"end":{"line":4557,"column":48}},"4557":{"start":{"line":4558,"column":0},"end":{"line":4558,"column":14}},"4558":{"start":{"line":4559,"column":0},"end":{"line":4559,"column":10}},"4559":{"start":{"line":4560,"column":0},"end":{"line":4560,"column":5}},"4560":{"start":{"line":4561,"column":0},"end":{"line":4561,"column":2}},"4566":{"start":{"line":4567,"column":0},"end":{"line":4567,"column":75}},"4567":{"start":{"line":4568,"column":0},"end":{"line":4568,"column":86}},"4568":{"start":{"line":4569,"column":0},"end":{"line":4569,"column":12}},"4577":{"start":{"line":4578,"column":0},"end":{"line":4578,"column":211}},"4578":{"start":{"line":4579,"column":0},"end":{"line":4579,"column":121}},"4579":{"start":{"line":4580,"column":0},"end":{"line":4580,"column":81}},"4580":{"start":{"line":4581,"column":0},"end":{"line":4581,"column":137}},"4581":{"start":{"line":4582,"column":0},"end":{"line":4582,"column":172}},"4582":{"start":{"line":4583,"column":0},"end":{"line":4583,"column":10}},"4591":{"start":{"line":4592,"column":0},"end":{"line":4592,"column":205}},"4592":{"start":{"line":4593,"column":0},"end":{"line":4593,"column":117}},"4593":{"start":{"line":4594,"column":0},"end":{"line":4594,"column":81}},"4594":{"start":{"line":4595,"column":0},"end":{"line":4595,"column":135}},"4595":{"start":{"line":4596,"column":0},"end":{"line":4596,"column":172}},"4596":{"start":{"line":4597,"column":0},"end":{"line":4597,"column":10}},"4604":{"start":{"line":4605,"column":0},"end":{"line":4605,"column":192}},"4605":{"start":{"line":4606,"column":0},"end":{"line":4606,"column":113}},"4606":{"start":{"line":4607,"column":0},"end":{"line":4607,"column":81}},"4607":{"start":{"line":4608,"column":0},"end":{"line":4608,"column":135}},"4608":{"start":{"line":4609,"column":0},"end":{"line":4609,"column":172}},"4609":{"start":{"line":4610,"column":0},"end":{"line":4610,"column":10}},"4617":{"start":{"line":4618,"column":0},"end":{"line":4618,"column":147}},"4618":{"start":{"line":4619,"column":0},"end":{"line":4619,"column":87}},"4619":{"start":{"line":4620,"column":0},"end":{"line":4620,"column":81}},"4620":{"start":{"line":4621,"column":0},"end":{"line":4621,"column":132}},"4621":{"start":{"line":4622,"column":0},"end":{"line":4622,"column":172}},"4622":{"start":{"line":4623,"column":0},"end":{"line":4623,"column":10}},"4631":{"start":{"line":4632,"column":0},"end":{"line":4632,"column":202}},"4632":{"start":{"line":4633,"column":0},"end":{"line":4633,"column":115}},"4633":{"start":{"line":4634,"column":0},"end":{"line":4634,"column":81}},"4634":{"start":{"line":4635,"column":0},"end":{"line":4635,"column":134}},"4635":{"start":{"line":4636,"column":0},"end":{"line":4636,"column":172}},"4636":{"start":{"line":4637,"column":0},"end":{"line":4637,"column":10}},"4644":{"s
[...]
tions":[{"start":{"line":4832,"column":106},"end":{"line":4832,"column":153}}]},"151":{"type":"branch","line":4843,"loc":{"start":{"line":4843,"column":11},"end":{"line":4845,"column":5}},"locations":[{"start":{"line":4843,"column":11},"end":{"line":4845,"column":5}}]},"152":{"type":"branch","line":4844,"loc":{"start":{"line":4844,"column":102},"end":{"line":4844,"column":149}},"locations":[{"start":{"line":4844,"column":102},"end":{"line":4844,"column":149}}]},"153":{"type":"branch","line":4855,"loc":{"start":{"line":4855,"column":11},"end":{"line":4857,"column":5}},"locations":[{"start":{"line":4855,"column":11},"end":{"line":4857,"column":5}}]},"154":{"type":"branch","line":4856,"loc":{"start":{"line":4856,"column":76},"end":{"line":4856,"column":123}},"locations":[{"start":{"line":4856,"column":76},"end":{"line":4856,"column":123}}]},"155":{"type":"branch","line":4868,"loc":{"start":{"line":4868,"column":11},"end":{"line":4870,"column":5}},"locations":[{"start":{"line":4868,"column":11},"end":{"line":4870,"column":5}}]},"156":{"type":"branch","line":4869,"loc":{"start":{"line":4869,"column":104},"end":{"line":4869,"column":151}},"locations":[{"start":{"line":4869,"column":104},"end":{"line":4869,"column":151}}]},"157":{"type":"branch","line":4880,"loc":{"start":{"line":4880,"column":11},"end":{"line":4882,"column":5}},"locations":[{"start":{"line":4880,"column":11},"end":{"line":4882,"column":5}}]},"158":{"type":"branch","line":4881,"loc":{"start":{"line":4881,"column":79},"end":{"line":4881,"column":126}},"locations":[{"start":{"line":4881,"column":79},"end":{"line":4881,"column":126}}]},"159":{"type":"branch","line":4893,"loc":{"start":{"line":4893,"column":11},"end":{"line":4895,"column":5}},"locations":[{"start":{"line":4893,"column":11},"end":{"line":4895,"column":5}}]},"160":{"type":"branch","line":4894,"loc":{"start":{"line":4894,"column":110},"end":{"line":4894,"column":157}},"locations":[{"start":{"line":4894,"column":110},"end":{"line":4894,"column":157}}]},"161":{"type":"branch","line":4906,"loc":{"start":{"line":4906,"column":11},"end":{"line":4908,"column":5}},"locations":[{"start":{"line":4906,"column":11},"end":{"line":4908,"column":5}}]},"162":{"type":"branch","line":4907,"loc":{"start":{"line":4907,"column":114},"end":{"line":4907,"column":161}},"locations":[{"start":{"line":4907,"column":114},"end":{"line":4907,"column":161}}]},"163":{"type":"branch","line":4919,"loc":{"start":{"line":4919,"column":11},"end":{"line":4921,"column":5}},"locations":[{"start":{"line":4919,"column":11},"end":{"line":4921,"column":5}}]},"164":{"type":"branch","line":4920,"loc":{"start":{"line":4920,"column":106},"end":{"line":4920,"column":153}},"locations":[{"start":{"line":4920,"column":106},"end":{"line":4920,"column":153}}]}},"b":{"0":[1],"1":[1],"2":[0],"3":[1],"4":[1],"5":[0],"6":[1],"7":[1],"8":[1],"9":[1],"10":[1],"11":[0],"12":[1],"13":[1],"14":[0],"15":[1],"16":[1],"17":[1],"18":[1],"19":[1],"20":[0],"21":[0],"22":[1],"23":[1],"24":[0],"25":[1],"26":[1],"27":[1],"28":[11],"29":[1],"30":[0],"31":[1],"32":[0],"33":[1],"34":[0],"35":[2],"36":[0],"37":[1],"38":[0],"39":[1],"40":[0],"41":[1],"42":[0],"43":[1],"44":[0],"45":[1],"46":[0],"47":[1],"48":[0],"49":[11],"50":[1],"51":[0],"52":[1],"53":[1],"54":[0],"55":[1],"56":[1],"57":[0],"58":[1],"59":[2],"60":[0],"61":[2],"62":[1],"63":[0],"64":[1],"65":[1],"66":[0],"67":[1],"68":[1],"69":[0],"70":[1],"71":[1],"72":[0],"73":[1],"74":[1],"75":[0],"76":[1],"77":[1],"78":[0],"79":[1],"80":[1],"81":[1],"82":[1],"83":[1],"84":[1],"85":[1],"86":[2],"87":[2],"88":[1],"89":[1],"90":[1],"91":[1],"92":[1],"93":[1],"94":[1],"95":[1],"96":[1],"97":[1],"98":[1],"99":[1],"100":[9],"101":[1],"102":[0],"103":[1],"104":[0],"105":[1],"106":[0],"107":[1],"108":[0],"109":[1],"110":[0],"111":[1],"112":[0],"113":[1],"114":[0],"115":[1],"116":[0],"117":[1],"118":[0],"119":[9],"120":[1],"121":[0],"122":[1],"123":[1],"124":[0],"125":[1],"126":[1],"127":[0],"128":[1],"129":[1],"130":[0],"131":[1],"132":[1],"133":[0],"134":[1],"135":[1],"136":[0],"137":[1],"138":[1],"139":[0],"140":[1],"141":[1],"142":[0],"143":[1],"144":[1],"145":[0],"146":[1],"147":[1],"148":[1],"149":[1],"150":[1],"151":[1],"152":[1],"153":[1],"154":[1],"155":[1],"156":[1],"157":[1],"158":[1],"159":[1],"160":[1],"161":[1],"162":[1],"163":[1],"164":[1]},"fnMap":{"0":{"name":"ApplePayDomainApiAxiosParamCreator","decl":{"start":{"line":3035,"column":50},"end":{"line":3077,"column":2}},"loc":{"start":{"line":3035,"column":50},"end":{"line":3077,"column":2}},"line":3035},"1":{"name":"register","decl":{"start":{"line":3044,"column":18},"end":{"line":3075,"column":10}},"loc":{"start":{"line":3044,"column":18},"end":{"line":3075,"column":10}},"line":3044},"2":{"name":"ApplePayDomainApiFp","decl":{"start":{"line":3083,"column":35},"end":{"line":3100,"column":2}},"loc":{"start":{"line":3083,"column":35},"end":{"line":3100,"column":2}},"line":3083},"3":{"name":"register","decl":{"start":{"line":3093,"column":8},"end":{"line":3098,"column":10}},"loc":{"start":{"line":3093,"column":8},"end":{"line":3098,"column":10}},"line":3093},"4":{"name":"ApplePayDomainApiFactory","decl":{"start":{"line":3106,"column":40},"end":{"line":3120,"column":2}},"loc":{"start":{"line":3106,"column":40},"end":{"line":3120,"column":2}},"line":3106},"5":{"name":"register","decl":{"start":{"line":3137,"column":11},"end":{"line":3139,"column":5}},"loc":{"start":{"line":3137,"column":11},"end":{"line":3139,"column":5}},"line":3137},"6":{"name":"BizumApiAxiosParamCreator","decl":{"start":{"line":3148,"column":41},"end":{"line":3190,"column":2}},"loc":{"start":{"line":3148,"column":41},"end":{"line":3190,"column":2}},"line":3148},"7":{"name":"validatePhone","decl":{"start":{"line":3157,"column":23},"end":{"line":3188,"column":10}},"loc":{"start":{"line":3157,"column":23},"end":{"line":3188,"column":10}},"line":3157},"8":{"name":"BizumApiFp","decl":{"start":{"line":3196,"column":26},"end":{"line":3213,"column":2}},"loc":{"start":{"line":3196,"column":26},"end":{"line":3213,"column":2}},"line":3196},"9":{"name":"validatePhone","decl":{"start":{"line":3206,"column":8},"end":{"line":3211,"column":10}},"loc":{"start":{"line":3206,"column":8},"end":{"line":3211,"column":10}},"line":3206},"10":{"name":"BizumApiFactory","decl":{"start":{"line":3219,"column":31},"end":{"line":3233,"column":2}},"loc":{"start":{"line":3219,"column":31},"end":{"line":3233,"column":2}},"line":3219},"11":{"name":"validatePhone","decl":{"start":{"line":3250,"column":11},"end":{"line":3252,"column":5}},"loc":{"start":{"line":3250,"column":11},"end":{"line":3252,"column":5}},"line":3250},"12":{"name":"PaymentMethodsApiAxiosParamCreator","decl":{"start":{"line":3261,"column":50},"end":{"line":3304,"column":2}},"loc":{"start":{"line":3261,"column":50},"end":{"line":3304,"column":2}},"line":3261},"13":{"name":"get","decl":{"start":{"line":3271,"column":13},"end":{"line":3302,"column":10}},"loc":{"start":{"line":3271,"column":13},"end":{"line":3302,"column":10}},"line":3271},"14":{"name":"PaymentMethodsApiFp","decl":{"start":{"line":3310,"column":35},"end":{"line":3328,"column":2}},"loc":{"start":{"line":3310,"column":35},"end":{"line":3328,"column":2}},"line":3310},"15":{"name":"get","decl":{"start":{"line":3321,"column":8},"end":{"line":3326,"column":10}},"loc":{"start":{"line":3321,"column":8},"end":{"line":3326,"column":10}},"line":3321},"16":{"name":"PaymentMethodsApiFactory","decl":{"start":{"line":3334,"column":40},"end":{"line":3349,"column":2}},"loc":{"start":{"line":3334,"column":40},"end":{"line":3349,"column":2}},"line":3334},"17":{"name":"get","decl":{"start":{"line":3367,"column":11},"end":{"line":3369,"column":5}},"loc":{"start":{"line":3367,"column":11},"end":{"line":3369,"column":5}},"line":3367},"18":{"name":"PaymentsApiAxiosParamCreator","decl":{"start":{"line":3378,"column":44},"end":{"line":3787,"column":2}},"loc":{"start":{"line":3378,"column":44},"end":{"line":3787,"column":2}},"line":3378},"19":{"name":"cancel","decl":{"start":{"line":3388,"column":16},"end":{"line":3420,"column":10}},"loc":{"start":{"line":3388,"column":16},"end":{"line":3420,"column":10}},"line":3388},"20":{"name":"capture","decl":{"start":{"line":3429,"column":17},"end":{"line":3461,"column":10}},"loc":{"start":{"line":3429,"column":17},"end":{"line":3461,"column":10}},"line":3429},"21":{"name":"confirm","decl":{"start":{"line":3470,"column":17},"end":{"line":3502,"column":10}},"loc":{"start":{"line":3470,"column":17},"end":{"line":3502,"column":10}},"line":3470},"22":{"name":"create","decl":{"start":{"line":3510,"column":16},"end":{"line":3541,"column":10}},"loc":{"start":{"line":3510,"column":16},"end":{"line":3541,"column":10}},"line":3510},"23":{"name":"get","decl":{"start":{"line":3549,"column":13},"end":{"line":3578,"column":10}},"loc":{"start":{"line":3549,"column":13},"end":{"line":3578,"column":10}},"line":3549},"24":{"name":"recurring","decl":{"start":{"line":3587,"column":19},"end":{"line":3619,"column":10}},"loc":{"start":{"line":3587,"column":19},"end":{"line":3619,"column":10}},"line":3587},"25":{"name":"refund","decl":{"start":{"line":3628,"column":16},"end":{"line":3660,"column":10}},"loc":{"start":{"line":3628,"column":16},"end":{"line":3660,"column":10}},"line":3628},"26":{"name":"sendLink","decl":{"start":{"line":3669,"column":18},"end":{"line":3701,"column":10}},"loc":{"start":{"line":3669,"column":18},"end":{"line":3701,"column":10}},"line":3669},"27":{"name":"sendReceipt","decl":{"start":{"line":3710,"column":21},"end":{"line":3742,"column":10}},"loc":{"start":{"line":3710,"column":21},"end":{"line":3742,"column":10}},"line":3710},"28":{"name":"sendRequest","decl":{"start":{"line":3751,"column":21},"end":{"line":3785,"column":10}},"loc":{"start":{"line":3751,"column":21},"end":{"line":3785,"column":10}},"line":3751},"29":{"name":"PaymentsApiFp","decl":{"start":{"line":3793,"column":29},"end":{"line":3935,"column":2}},"loc":{"start":{"line":3793,"column":29},"end":{"line":3935,"column":2}},"line":3793},"30":{"name":"cancel","decl":{"start":{"line":3804,"column":8},"end":{"line":3809,"column":10}},"loc":{"start":{"line":3804,"column":8},"end":{"line":3809,"column":10}},"line":3804},"31":{"name":"capture","decl":{"start":{"line":3818,"column":8},"end":{"line":3823,"column":10}},"loc":{"start":{"line":3818,"column":8},"end":{"line":3823,"column":10}},"line":3818},"32":{"name":"confirm","decl":{"start":{"line":3832,"column":8},"end":{"line":3837,"column":10}},"loc":{"start":{"line":3832,"column":8},"end":{"line":3837,"column":10}},"line":3832},"33":{"name":"create","decl":{"start":{"line":3845,"column":8},"end":{"line":3850,"column":10}},"loc":{"start":{"line":3845,"column":8},"end":{"line":3850,"column":10}},"line":3845},"34":{"name":"get","decl":{"start":{"line":3858,"column":8},"end":{"line":3863,"column":10}},"loc":{"start":{"line":3858,"column":8},"end":{"line":3863,"column":10}},"line":3858},"35":{"name":"recurring","decl":{"start":{"line":3872,"column":8},"end":{"line":3877,"column":10}},"loc":{"start":{"line":3872,"column":8},"end":{"line":3877,"column":10}},"line":3872},"36":{"name":"refund","decl":{"start":{"line":3886,"column":8},"end":{"line":3891,"column":10}},"loc":{"start":{"line":3886,"column":8},"end":{"line":3891,"column":10}},"line":3886},"37":{"name":"sendLink","decl":{"start":{"line":3900,"column":8},"end":{"line":3905,"column":10}},"loc":{"start":{"line":3900,"column":8},"end":{"line":3905,"column":10}},"line":3900},"38":{"name":"sendReceipt","decl":{"start":{"line":3914,"column":8},"end":{"line":3919,"column":10}},"loc":{"start":{"line":3914,"column":8},"end":{"line":3919,"column":10}},"line":3914},"39":{"name":"sendRequest","decl":{"start":{"line":3928,"column":8},"end":{"line":3933,"column":10}},"loc":{"start":{"line":3928,"column":8},"end":{"line":3933,"column":10}},"line":3928},"40":{"name":"PaymentsApiFactory","decl":{"start":{"line":3941,"column":34},"end":{"line":4053,"column":2}},"loc":{"start":{"line":3941,"column":34},"end":{"line":4053,"column":2}},"line":3941},"41":{"name":"cancel","decl":{"start":{"line":4071,"column":11},"end":{"line":4073,"column":5}},"loc":{"start":{"line":4071,"column":11},"end":{"line":4073,"column":5}},"line":4071},"42":{"name":"capture","decl":{"start":{"line":4084,"column":11},"end":{"line":4086,"column":5}},"loc":{"start":{"line":4084,"column":11},"end":{"line":4086,"column":5}},"line":4084},"43":{"name":"confirm","decl":{"start":{"line":4097,"column":11},"end":{"line":4099,"column":5}},"loc":{"start":{"line":4097,"column":11},"end":{"line":4099,"column":5}},"line":4097},"44":{"name":"create","decl":{"start":{"line":4109,"column":11},"end":{"line":4111,"column":5}},"loc":{"start":{"line":4109,"column":11},"end":{"line":4111,"column":5}},"line":4109},"45":{"name":"get","decl":{"start":{"line":4121,"column":11},"end":{"line":4123,"column":5}},"loc":{"start":{"line":4121,"column":11},"end":{"line":4123,"column":5}},"line":4121},"46":{"name":"recurring","decl":{"start":{"line":4134,"column":11},"end":{"line":4136,"column":5}},"loc":{"start":{"line":4134,"column":11},"end":{"line":4136,"column":5}},"line":4134},"47":{"name":"refund","decl":{"start":{"line":4147,"column":11},"end":{"line":4149,"column":5}},"loc":{"start":{"line":4147,"column":11},"end":{"line":4149,"column":5}},"line":4147},"48":{"name":"sendLink","decl":{"start":{"line":4160,"column":11},"end":{"line":4162,"column":5}},"loc":{"start":{"line":4160,"column":11},"end":{"line":4162,"column":5}},"line":4160},"49":{"name":"sendReceipt","decl":{"start":{"line":4173,"column":11},"end":{"line":4175,"column":5}},"loc":{"start":{"line":4173,"column":11},"end":{"line":4175,"column":5}},"line":4173},"50":{"name":"sendRequest","decl":{"start":{"line":4186,"column":11},"end":{"line":4188,"column":5}},"loc":{"start":{"line":4186,"column":11},"end":{"line":4188,"column":5}},"line":4186},"51":{"name":"SubscriptionsApiAxiosParamCreator","decl":{"start":{"line":4197,"column":49},"end":{"line":4561,"column":2}},"loc":{"start":{"line":4197,"column":49},"end":{"line":4561,"column":2}},"line":4197},"52":{"name":"activate","decl":{"start":{"line":4207,"column":18},"end":{"line":4239,"column":10}},"loc":{"start":{"line":4207,"column":18},"end":{"line":4239,"column":10}},"line":4207},"53":{"name":"cancel","decl":{"start":{"line":4248,"column":16},"end":{"line":4280,"column":10}},"loc":{"start":{"line":4248,"column":16},"end":{"line":4280,"column":10}},"line":4248},"54":{"name":"create","decl":{"start":{"line":4288,"column":16},"end":{"line":4319,"column":10}},"loc":{"start":{"line":4288,"column":16},"end":{"line":4319,"column":10}},"line":4288},"55":{"name":"get","decl":{"start":{"line":4327,"column":13},"end":{"line":4356,"column":10}},"loc":{"start":{"line":4327,"column":13},"end":{"line":4356,"column":10}},"line":4327},"56":{"name":"pause","decl":{"start":{"line":4365,"column":15},"end":{"line":4397,"column":10}},"loc":{"start":{"line":4365,"column":15},"end":{"line":4397,"column":10}},"line":4365},"57":{"name":"resume","decl":{"start":{"line":4405,"column":16},"end":{"line":4434,"column":10}},"loc":{"start":{"line":4405,"column":16},"end":{"line":4434,"column":10}},"line":4405},"58":{"name":"sendLink","decl":{"start":{"line":4443,"column":18},"end":{"line":4475,"column":10}},"loc":{"start":{"line":4443,"column":18},"end":{"line":4475,"column":10}},"line":4443},"59":{"name":"sendStatus","decl":{"start":{"line":4484,"column":20},"end":{"line":4516,"column":10}},"loc":{"start":{"line":4484,"column":20},"end":{"line":4516,"column":10}},"line":4484},"60":{"name":"update","decl":{"start":{"line":4525,"column":16},"end":{"line":4559,"column":10}},"loc":{"start":{"line":4525,"column":16},"end":{"line":4559,"column":10}},"line":4525},"61":{"name":"SubscriptionsApiFp","decl":{"start":{"line":4567,"column":34},"end":{"line":4694,"column":2}},"loc":{"start":{"line":4567,"column":34},"end":{"line":4694,"column":2}},"line":4567},"62":{"name":"activate","decl":{"start":{"line":4578,"column":8},"end":{"line":4583,"column":10}},"loc":{"start":{"line":4578,"column":8},"end":{"line":4583,"column":10}},"line":4578},"63":{"name":"cancel","decl":{"start":{"line":4592,"column":8},"end":{"line":4597,"column":10}},"loc":{"start":{"line":4592,"column":8},"end":{"line":4597,"column":10}},"line":4592},"64":{"name":"create","decl":{"start":{"line":4605,"column":8},"end":{"line":4610,"column":10}},"loc":{"start":{"line":4605,"column":8},"end":{"line":4610,"column":10}},"line":4605},"65":{"name":"get","decl":{"start":{"line":4618,"column":8},"end":{"line":4623,"column":10}},"loc":{"start":{"line":4618,"column":8},"end":{"line":4623,"column":10}},"line":4618},"66":{"name":"pause","decl":{"start":{"line":4632,"column":8},"end":{"line":4637,"column":10}},"loc":{"start":{"line":4632,"column":8},"end":{"line":4637,"column":10}},"line":4632},"67":{"name":"resume","decl":{"start":{"line":4645,"column":8},"end":{"line":4650,"column":10}},"loc":{"start":{"line":4645,"column":8},"end":{"line":4650,"column":10}},"line":4645},"68":{"name":"sendLink","decl":{"start":{"line":4659,"column":8},"end":{"line":4664,"column":10}},"loc":{"start":{"line":4659,"column":8},"end":{"line":4664,"column":10}},"line":4659},"69":{"name":"sendStatus","decl":{"start":{"line":4673,"column":8},"end":{"line":4678,"column":10}},"loc":{"start":{"line":4673,"column":8},"end":{"line":4678,"column":10}},"line":4673},"70":{"name":"update","decl":{"start":{"line":4687,"column":8},"end":{"line":4692,"column":10}},"loc":{"start":{"line":4687,"column":8},"end":{"line":4692,"column":10}},"line":4687},"71":{"name":"SubscriptionsApiFactory","decl":{"start":{"line":4700,"column":39},"end":{"line":4800,"column":2}},"loc":{"start":{"line":4700,"column":39},"end":{"line":4800,"column":2}},"line":4700},"72":{"name":"activate","decl":{"start":{"line":4818,"column":11},"end":{"line":4820,"column":5}},"loc":{"start":{"line":4818,"column":11},"end":{"line":4820,"column":5}},"line":4818},"73":{"name":"cancel","decl":{"start":{"line":4831,"column":11},"end":{"line":4833,"column":5}},"loc":{"start":{"line":4831,"column":11},"end":{"line":4833,"column":5}},"line":4831},"74":{"name":"create","decl":{"start":{"line":4843,"column":11},"end":{"line":4845,"column":5}},"loc":{"start":{"line":4843,"column":11},"end":{"line":4845,"column":5}},"line":4843},"75":{"name":"get","decl":{"start":{"line":4855,"column":11},"end":{"line":4857,"column":5}},"loc":{"start":{"line":4855,"column":11},"end":{"line":4857,"column":5}},"line":4855},"76":{"name":"pause","decl":{"start":{"line":4868,"column":11},"end":{"line":4870,"column":5}},"loc":{"start":{"line":4868,"column":11},"end":{"line":4870,"column":5}},"line":4868},"77":{"name":"resume","decl":{"start":{"line":4880,"column":11},"end":{"line":4882,"column":5}},"loc":{"start":{"line":4880,"column":11},"end":{"line":4882,"column":5}},"line":4880},"78":{"name":"sendLink","decl":{"start":{"line":4893,"column":11},"end":{"line":4895,"column":5}},"loc":{"start":{"line":4893,"column":11},"end":{"line":4895,"column":5}},"line":4893},"79":{"name":"sendStatus","decl":{"start":{"line":4906,"column":11},"end":{"line":4908,"column":5}},"loc":{"start":{"line":4906,"column":11},"end":{"line":4908,"column":5}},"line":4906},"80":{"name":"update","decl":{"start":{"line":4919,"column":11},"end":{"line":4921,"column":5}},"loc":{"start":{"line":4919,"column":11},"end":{"line":4921,"column":5}},"line":4919}},"f":{"0":1,"1":1,"2":1,"3":1,"4":0,"5":1,"6":1,"7":1,"8":1,"9":1,"10":0,"11":1,"12":1,"13":1,"14":1,"15":1,"16":0,"17":1,"18":11,"19":1,"20":1,"21":1,"22":2,"23":1,"24":1,"25":1,"26":1,"27":1,"28":1,"29":11,"30":1,"31":1,"32":1,"33":2,"34":1,"35":1,"36":1,"37":1,"38":1,"39":1,"40":0,"41":1,"42":1,"43":1,"44":2,"45":1,"46":1,"47":1,"48":1,"49":1,"50":1,"51":9,"52":1,"53":1,"54":1,"55":1,"56":1,"57":1,"58":1,"59":1,"60":1,"61":9,"62":1,"63":1,"64":1,"65":1,"66":1,"67":1,"68":1,"69":1,"70":1,"71":0,"72":1,"73":1,"74":1,"75":1,"76":1,"77":1,"78":1,"79":1,"80":1}}
}
